Application Start
125,4984
125,4979
125,4993
125,501
125,4998
125,4962
125,4941
125,4923
125,49
125,4871
125,4828
125,4804
125,4767
125,4791
125,4854
125,4926
125,4976
125,5025
125,5092
125,5154
125,5197
125,5232
125,5275
125,5323
125,537
125,5404
125,5465
125,5512
125,5551
125,5609
125,5627
125,5662
125,5689
125,5711
125,5765
125,5784
125,5839
125,5906
125,5951
125,5989
125,6046
125,606
125,6069
125,6083
125,6099
125,6137
125,616
125,6179
125,623
125,6266
125,6293
125,6331
125,6377
125,639
125,6412
125,6445
125,6473
125,6484
125,651
125,6528
125,6582
125,6625
125,663
125,6649
125,6662
125,6699
125,6738
125,6734
125,6758
125,679
125,6789
125,6798
125,6792
125,6776
125,6784
125,6777
125,6762
125,6746
125,6765
125,6765
125,6775
125,6776
125,6829
125,6853
125,6896
125,6927
125,6969
125,7014
125,7055
125,7115
125,7175
125,7188
125,7216
125,7235
125,7256
125,727
125,7285
125,7325
125,7341
125,7375
125,7426
125,7481
125,7499
125,7538
125,7553
125,7576
125,7596
125,7619
125,7604
125,759
125,7555
125,7527
125,7497
125,7455
125,7403
125,7366
125,7328
125,7286
125,725
125,728
125,7262
125,722
125,7207
125,7254
125,7307
125,735
125,7372
125,7409
125,7448
125,7492
125,7492
125,7478
125,7507
125,7529
125,7549
125,7526
125,7514
125,7502
125,753
125,7553
125,7563
125,7558
125,7539
125,7568
125,7596
125,7625
125,7682
125,7714
125,7755
125,7794
125,7827
125,7842
125,7876
125,7908
125,793
125,7895
125,788
125,7914
125,7938
125,7939
125,7967
125,7999
125,8028
125,8036
125,8033
125,807
125,8085
125,8089
125,8074
125,8065
125,8027
125,7998
125,7966
125,7953
125,7943
125,7958
125,798
125,7994
125,7981
125,7988
125,7995
125,7987
125,7976
125,7972
125,7959
125,795
125,7967
125,8004
125,8041
125,8077
125,8086
125,8068
125,8043
125,8011
125,8004
125,802
125,8007
125,8045
125,8108
125,8169
125,8209
125,8261
125,832
125,8318
125,8346
125,8371
125,8419
125,8428
125,8411
125,8415
125,8427
125,8411
125,8411
125,8426
125,8438
125,8417
125,8412
125,8423
125,8426
125,8411
125,8412
125,8417
125,8411
125,841
125,8411
125,8414
125,8411
125,8411
125,8391
125,836
125,8322
125,829
125,8253
125,8219
125,8169
125,8142
125,8115
125,8067
125,8037
125,8025
125,7996
125,7972
125,7933
125,7921
125,7912
125,7872
125,7842
125,7839
125,7823
125,7849
125,7869
125,7882
125,7897
125,7871
125,7847
125,7831
125,78
125,7771
125,7769
125,7758
125,7785
125,7825
125,7866
125,7912
125,7967
125,7999
125,8046
125,8109
125,8163
125,8213
125,8277
125,8332
125,8378
125,841
125,843
125,8419
125,8412
125,8443
125,8475
125,8509
125,8557
125,8607
125,8644
125,8673
125,8723
125,8785
125,8818
125,8827
125,8873
125,8919
125,8938
125,8953
125,8948
125,8934
125,8892
125,885
125,8841
125,8788
125,8697
125,8628
125,8556
125,8456
125,8391
125,8367
125,8364
125,8357
125,8398
125,8424
125,8411
125,8391
125,8378
125,8418
125,8415
125,8399
125,8417
125,8426
125,8426
125,8411
125,8419
125,8427
125,8416
125,8411
125,8427
125,8415
125,8411
125,8413
125,8419
125,8412
125,8404
125,8398
125,8425
125,8413
125,8411
125,842
125,8411
125,8381
125,8357
125,838
125,836
125,8357
125,8373
125,8398
125,84
125,8402
125,8412
125,843
125,8402
125,8403
125,842
125,8422
125,8424
125,8411
125,8421
125,8421
125,8411
125,8412
125,8415
125,8393
125,8361
125,8337
125,8353
125,8369
125,8364
125,8382
125,8414
125,8411
125,8411
125,8426
125,8423
125,8411
125,8408
125,8416
125,8411
125,8404
125,8409
125,8396
125,8408
125,8389
125,8418
125,8408
125,8411
125,8406
125,8422
125,8415
125,841
125,8412
125,8409
125,8379
125,8348
125,8324
125,8291
125,8265
125,8239
125,8221
125,8216
125,8209
125,8206
125,8218
125,8225
125,8225
125,8251
125,8327
125,8394
125,8421
125,8443
125,8494
125,8516
125,854
125,8562
125,8592
125,8613
125,864
125,8678
125,8709
125,8716
125,8737
125,8776
125,8802
125,8814
125,8847
125,8896
125,8909
125,8916
125,8958
125,8988
125,898
125,8981
125,8955
125,8921
125,8887
125,887
125,8831
125,8799
125,8701
125,8636
125,8616
125,8528
125,8456
125,8426
125,8418
125,8409
125,8383
125,8409
125,841
125,8387
125,836
125,8323
125,83
125,827
125,824
125,8216
125,8175
125,8155
125,8136
125,8123
125,81
125,8106
125,8138
125,8147
125,8165
125,8155
125,8174
125,8185
125,8199
125,8222
125,8251
125,8243
125,8228
125,8244
125,8243
125,8261
125,8294
125,8364
125,843
125,8445
125,8466
125,8489
125,8473
125,8501
125,8553
125,8609
125,8636
125,8637
125,8685
125,8734
125,8767
125,8781
125,8826
125,8867
125,8863
125,8906
125,8945
125,8969
125,897
125,8997
125,9039
125,9037
125,9016
125,9018
125,8999
125,8914
125,8858
125,8833
125,8781
125,8732
125,8717
125,8734
125,8744
125,8736
125,8711
125,8696
125,8641
125,8598
125,8559
125,8503
125,8438
125,841
125,842
125,8419
125,839
125,837
125,8351
125,8319
125,829
125,8267
125,824
125,825
125,8282
125,8339
125,8395
125,8417
125,8411
125,8426
125,8428
125,8411
125,8411
125,8428
125,8411
125,8411
125,8411
125,8402
125,838
125,8391
125,8381
125,8398
125,8411
125,8411
Application End
Application Start
125,4953
125,4956
125,4912
125,4837
125,4824
125,4886
125,4923
125,4945
125,5081
125,516
125,5133
125,5039
125,5051
125,52
125,5148
125,537
125,5685
125,5864
125,607
125,6238
125,6438
125,6531
125,6424
125,6426
125,6411
125,6402
125,6458
125,6626
125,6761
125,669
125,6589
125,6696
125,6757
125,6709
125,6644
125,6602
125,6655
125,6802
125,7033
125,716
125,717
125,7215
125,7274
125,7488
125,7445
125,729
125,7281
125,7196
125,7015
125,7183
125,7441
125,7612
125,7782
125,8034
125,8257
125,834
125,8381
125,8451
125,8473
125,8429
125,8421
125,8423
125,8386
125,8227
125,8122
125,8138
125,8198
125,8193
125,8165
125,8135
125,8018
125,7984
125,7892
125,7726
125,7432
125,735
125,7355
125,7248
125,7081
125,6901
125,671
125,642
125,6142
125,5915
125,5677
125,543
125,5226
125,5067
125,4986
125,4891
125,4818
125,4829
125,4797
125,4902
125,5014
125,5204
125,5398
125,5612
125,5774
125,5783
125,5803
125,5914
125,6055
125,6148
125,6281
125,6559
125,6772
125,6998
125,719
125,7439
125,769
125,7775
125,7894
125,8132
125,8254
125,8307
125,8387
125,8456
125,8502
125,8499
125,8519
125,8501
125,8404
125,8332
125,8315
125,8156
125,7928
125,7653
125,7483
125,7259
125,6946
125,6688
125,6542
125,6466
125,6258
125,6094
125,6003
125,5847
125,5637
125,557
125,5464
125,5236
125,5078
125,5068
125,5162
125,523
125,5477
125,5761
125,6023
125,6239
125,6585
125,696
125,7243
125,754
125,7923
125,8262
125,8443
125,8596
125,8824
125,8942
125,9
125,9088
125,9226
125,9311
125,9429
125,9609
125,9781
125,9913
126,0034
126,0207
126,0364
126,0452
126,0572
126,0769
126,0819
126,0717
126,0746
126,0787
126,0567
126,0243
125,9975
125,9781
125,9361
125,8833
125,8461
125,8119
125,7755
125,7428
125,722
125,6985
125,6666
125,6451
125,6293
125,6107
125,5844
125,5688
125,5556
125,5347
125,5217
125,5131
125,5147
125,5183
125,5395
125,5678
125,5923
125,613
125,6233
125,625
125,6226
125,6122
125,6151
125,6099
125,5908
125,5801
125,582
125,5823
125,5735
125,5776
125,578
125,5683
125,5752
125,5786
125,5799
125,5938
125,6105
125,6284
125,6462
125,6478
125,6398
125,6523
125,6569
125,6685
125,6922
125,7119
125,7141
125,7047
125,7143
125,7264
125,7275
125,7259
125,7377
125,7595
125,7814
125,7987
125,8234
125,8392
125,8452
125,8546
125,8612
125,8584
125,8616
125,8665
125,8674
125,861
125,8521
125,8463
125,8313
125,8213
125,8046
125,7849
125,7647
125,7494
125,7446
125,7412
125,7398
125,7328
125,7171
125,7118
125,7009
125,6722
125,6561
125,6434
125,6177
125,5934
125,5713
125,5566
125,5366
125,5273
125,5235
125,521
125,5019
125,5048
125,505
125,4985
125,5015
125,4971
125,5021
125,4947
125,4954
125,5015
125,4979
125,5033
125,5048
125,5029
125,4966
125,4846
125,4917
125,4937
125,489
125,4866
125,4893
125,4905
125,4947
125,4996
125,4995
125,5035
125,4982
125,4946
125,513
125,517
125,5032
125,5112
125,5372
125,5388
125,5416
125,5652
125,5956
125,6197
125,643
125,6727
125,7048
125,7251
125,7479
125,7652
125,7809
125,8024
125,8263
125,8425
125,8467
125,8403
125,8373
125,8429
125,8412
125,8437
125,8519
125,8587
125,8596
125,8597
125,8612
125,8542
125,8457
125,8489
125,8584
125,8449
125,814
125,799
125,7865
125,7616
125,7475
125,7279
125,7049
125,68
125,6723
125,6656
125,6558
125,6323
125,6214
125,6268
125,6414
125,6589
125,6831
125,7004
125,699
125,714
125,7429
125,7732
125,795
125,8159
125,8353
125,8413
125,8446
125,8491
125,8436
125,8409
125,84
125,8515
125,8642
125,868
125,8679
125,8548
125,8443
125,8267
125,8308
125,8344
125,8336
125,8286
125,8259
125,8326
125,824
125,824
125,8286
125,8247
125,8106
125,8133
125,8253
125,8288
125,8284
125,8287
125,8333
125,828
125,8276
125,8241
125,8297
125,83
125,8294
125,8302
125,8242
125,8106
125,8102
125,8183
125,8255
125,839
125,8534
125,8635
125,8501
125,8356
125,8357
125,8465
125,8536
125,8643
125,8803
125,8893
125,892
125,8958
125,9045
125,9117
125,9106
125,9176
125,9296
125,9247
125,8884
125,8792
125,885
125,8913
125,8986
125,9116
125,9139
125,9102
125,8964
125,8711
125,8399
125,8162
125,801
125,7847
125,755
125,73
125,7238
125,7304
125,738
125,7502
125,7666
125,7875
125,7985
125,8135
125,8108
125,7966
125,7838
125,7899
125,7998
125,7998
125,7963
125,8067
125,8254
125,8377
125,8406
125,8419
125,8456
125,8443
125,8507
125,8615
125,8569
125,8559
125,8641
125,875
125,867
125,8588
125,861
125,858
125,8411
125,8278
125,8314
125,831
125,827
125,823
125,8187
125,8047
125,7901
125,7812
125,7738
125,753
125,7412
125,7411
125,7679
125,7877
125,8122
125,8376
125,8437
125,8404
125,8467
125,8497
125,8404
125,839
125,8492
125,8579
125,852
125,8494
125,8353
125,8234
125,81
125,8165
125,8232
125,8252
125,8234
125,8236
125,8382
125,8471
125,8467
125,8521
125,8665
125,8681
125,858
125,8485
125,8308
125,8149
125,8032
125,7985
125,8
125,7961
125,7969
125,8051
125,8047
125,7872
125,7888
125,78
125,7568
125,7397
125,7295
125,7177
125,7104
125,6962
125,6975
125,6835
125,6678
125,6599
125,671
125,6896
125,717
125,7541
125,7901
125,8174
125,8387
125,8593
125,8749
125,8886
125,9078
125,9272
125,9419
125,9548
125,9765
125,9974
126,0087
126,0229
126,0455
126,0658
126,0809
126,0957
126,1077
126,1053
126,1034
126,1147
126,1357
126,1503
126,1582
126,1593
126,163
126,157
126,1413
126,1315
126,1134
126,0789
126,0493
126,0191
125,9963
125,9776
125,9709
125,9664
125,9656
125,9654
125,9668
125,9576
125,9493
125,942
125,9309
125,9052
125,8865
125,8712
125,8643
125,8502
125,8307
125,827
125,8307
125,8239
125,8193
125,8262
125,8259
125,8065
125,7879
125,7752
125,7634
125,7512
125,7593
125,7805
125,7924
125,8071
125,8255
125,8376
125,8434
125,8332
125,8247
125,8149
125,8072
125,794
125,7906
125,8033
125,8129
125,8287
125,8325
125,8248
125,8203
125,8218
125,8271
125,8259
125,8278
125,8419
125,8479
125,8409
125,8396
125,8465
125,8434
125,8372
125,8397
125,8465
125,841
125,8324
125,8294
125,8211
125,8151
125,8178
125,8276
125,8348
125,8329
125,8329
125,8333
125,834
125,8208
125,8213
125,828
125,827
125,827
125,8314
125,8313
125,8177
125,8109
125,8132
125,8034
125,7952
125,7966
125,8005
125,786
125,7799
125,7851
125,7843
125,7829
125,7861
125,7906
125,8047
125,8004
125,7827
125,772
125,7527
125,7328
125,7194
125,7234
125,73
125,7366
125,7431
125,7508
125,7498
125,7553
125,758
125,7461
125,7341
125,7347
125,7392
125,7287
125,7247
125,7276
125,7293
125,726
125,7248
125,737
125,7497
125,7454
125,7435
125,7449
125,7464
125,739
125,7322
125,7241
125,7033
125,6772
125,6559
125,6353
125,6118
125,6072
125,6088
125,5931
125,5767
125,5645
125,5514
125,5334
125,5098
125,5051
125,5129
125,517
125,5293
125,5388
125,5364
125,5355
125,5312
125,5499
125,5724
125,5836
125,603
125,6305
125,6369
125,6237
125,6108
125,6072
125,6054
125,6055
125,6053
125,5933
125,5788
125,5748
125,5852
125,6052
125,6195
125,6315
125,6604
125,6774
125,6889
125,7149
125,7394
125,7458
125,7369
125,7288
125,7295
125,7188
125,7074
125,6979
125,683
125,6636
125,6624
125,6752
125,6813
125,6708
125,6826
125,6849
125,6856
125,6806
125,6977
125,7145
125,7261
125,7388
125,7535
125,7714
125,7805
125,7867
125,8094
125,8183
125,8241
125,836
125,8465
125,8497
125,8529
125,859
125,8686
125,8708
125,8751
125,8886
125,9005
125,9112
125,9271
125,9437
125,942
125,9407
125,9544
125,9626
125,9685
125,9741
125,9843
125,9848
125,9801
125,987
125,9955
126,0001
125,9999
126,0071
126,0138
126,0049
125,9946
125,9874
125,9744
125,9632
125,9574
125,9487
125,9272
125,9124
125,9086
125,8928
125,8631
125,8403
125,8169
125,7842
125,7485
125,7274
125,7129
125,6975
125,6729
125,6578
125,639
125,6181
125,6096
125,6248
125,6245
125,6269
125,6211
125,6272
125,6219
125,6047
125,6082
125,6323
125,6582
125,6733
125,6925
125,7069
125,7226
125,7466
125,7742
125,7869
125,7911
125,8103
125,8309
125,8424
125,8414
125,8409
125,8378
125,8471
125,8527
125,8582
125,8699
125,8785
125,8826
125,8771
125,856
125,8429
125,8333
125,8264
125,8181
125,818
125,8231
125,8336
125,8265
125,8246
125,8229
125,8246
125,8209
125,8191
125,833
125,8181
125,7969
125,8035
125,8294
125,844
125,8466
125,8497
125,8565
125,8592
125,85
125,8482
125,8459
125,8442
125,8501
125,8547
125,8374
125,8176
125,798
125,7925
125,7808
125,7672
125,7496
125,7322
125,7192
125,7065
125,7179
125,7427
125,7654
125,7902
125,8049
125,8111
125,8181
125,8231
125,8406
125,8547
125,8644
125,8807
125,8961
125,9005
125,9107
125,9255
125,9359
125,9411
125,9519
125,964
125,9764
125,9645
125,9432
125,9497
125,9627
125,9705
125,9825
125,9892
125,9864
125,9984
126,0126
126,0033
125,9902
125,9788
125,9774
125,9734
125,9614
125,956
125,948
125,9204
125,8955
125,8868
125,8628
125,8435
125,8287
125,8277
125,8151
125,8017
125,8045
125,8009
125,8007
125,7862
125,7703
125,7556
125,73
125,7053
125,6873
125,6888
125,6864
125,6921
125,7178
125,7396
125,7513
125,7699
125,7847
125,789
125,7957
125,8137
125,8264
125,8212
125,8272
125,8345
125,8339
125,8276
125,8206
125,8176
125,8151
125,8137
125,8212
125,8344
125,8359
125,8333
125,8294
125,8148
125,7912
125,7723
125,764
125,7456
125,7166
125,704
125,6945
125,6847
125,6841
125,6848
125,6973
125,7084
125,7294
125,7558
125,7822
125,8036
125,8302
125,8453
125,8536
125,8606
125,8732
125,8846
125,8849
125,874
125,854
125,8348
125,8181
125,8105
125,8283
125,8405
125,8484
125,8545
125,8601
125,8671
125,873
125,8871
125,8982
125,8996
125,8996
125,9047
125,9116
125,9182
125,9256
125,9306
125,9378
125,9363
125,9411
125,9487
125,9415
125,9403
125,9231
125,9002
125,8743
125,8745
125,8864
125,8876
125,8793
125,8829
125,8858
125,8881
125,8805
125,8701
125,8533
125,8417
125,8371
125,8396
125,8478
125,8505
125,8474
125,8539
125,8562
125,8513
125,8434
125,8412
125,8286
125,8275
125,8295
125,8309
125,8206
125,8206
125,8308
125,8404
125,8388
125,8487
125,86
125,8472
125,836
125,8319
125,8332
125,8182
125,8096
125,7995
125,7948
125,7895
125,7833
125,7663
125,7558
125,7459
125,7411
125,7256
125,7085
125,6929
125,6847
125,6863
125,6801
125,6621
125,6768
125,6789
125,6834
125,6989
125,7186
125,7372
125,7455
125,7639
125,7769
125,7853
Application End
Application Start
123,6393
121,8076
119,9986
118,2164
116,4647
114,7395
113,0365
111,3656
109,7184
108,0934
106,4917
104,9145
103,3637
101,833
100,3275
98,8449
97,38456
95,94734
94,53219
93,14164
91,77076
90,42007
89,0869
87,77776
86,49045
85,21932
83,96786
82,7392
81,53341
80,34359
79,17472
78,02236
76,88533
75,76624
74,66477
73,57474
72,50007
71,44248
70,40571
69,38068
68,36754
67,37355
66,39568
65,42854
64,47285
63,53202
62,6016
61,68395
60,77945
59,88885
59,01014
58,14016
57,28558
56,44593
55,61646
54,798
53,99364
53,20237
52,42313
51,65339
50,89777
50,15219
49,41841
48,69497
47,98438
47,28141
46,58887
45,90975
45,24327
44,58681
43,93819
43,2978
42,66716
42,04689
41,4359
40,83475
40,24143
39,65562
39,08036
38,51925
37,96738
37,42153
36,88646
36,36336
35,84999
35,34143
34,84252
34,35324
33,86824
33,38919
32,91939
32,4558
31,99204
31,53152
31,0808
30,63814
30,19869
29,76669
29,34587
28,93031
28,5215
28,11988
27,72837
27,33608
26,94824
26,57027
26,19782
25,8316
25,47575
25,12618
24,7806
24,43634
24,09846
23,76387
23,43616
23,11398
22,79584
22,48124
22,17221
21,86475
21,56834
21,27678
20,98436
20,68979
20,40155
20,12015
19,84454
19,57124
19,29999
19,03136
18,76616
18,50639
18,25101
17,99521
17,74297
17,49885
17,26395
17,03403
16,8059
16,57856
16,35298
16,13164
15,91437
15,69834
15,48479
15,27352
15,06606
14,86268
14,65981
14,46029
14,26568
14,07463
13,89165
13,7147
13,53969
13,37238
13,2042
13,0422
12,88408
12,72515
12,56834
12,41468
12,26025
12,10341
11,94718
11,79903
11,65619
11,51011
11,37122
11,23642
11,10238
10,96654
10,83279
10,7034
10,56672
10,42668
10,29022
10,16178
10,02857
9,897665
9,771696
9,645532
9,519591
9,399199
9,27889
9,15825
9,038992
8,922067
8,808451
8,69365
8,580029
8,468348
8,359505
8,250363
8,143025
8,039866
7,938461
7,836661
7,739105
7,644224
7,548397
7,453598
7,364305
7,280597
7,198417
7,1181
7,04007
6,962349
6,891417
6,823927
6,758619
6,693694
6,624423
6,55583
6,494061
6,432204
6,367176
6,30444
6,24559
6,187956
6,127931
6,072608
6,006575
5,936971
5,869072
5,808435
5,743586
5,67689
5,614141
5,557889
5,497708
5,439746
5,386705
5,333312
5,280579
5,227509
5,177584
5,127507
5,07841
5,024605
4,974007
4,924475
4,872277
4,822147
4,772231
4,722138
4,672443
4,625157
4,582143
4,538383
4,493301
4,455067
4,417996
4,380284
4,341996
4,304561
4,272894
4,238734
4,206378
4,176636
4,14483
4,109768
4,077878
4,048038
4,017319
3,984406
3,950787
3,919032
3,888418
3,863092
3,834685
3,807003
3,776373
3,746065
3,720337
3,700314
3,678956
3,660282
3,643243
3,621505
3,600401
3,582334
3,562721
3,54058
3,516325
3,495248
3,472863
3,451274
3,430908
3,4069
3,386779
3,361707
3,33415
3,310034
3,284639
3,259979
3,235733
3,210796
3,183474
3,157766
3,131983
3,10576
3,079479
3,053105
3,028056
3,00033
2,971791
2,945222
2,920609
2,893943
2,866753
2,84188
2,819787
2,801894
2,78286
2,765969
2,748388
2,727189
2,704121
2,683944
2,663831
2,643548
2,625489
2,61058
2,591307
2,572225
2,563154
2,552842
2,537792
2,525724
2,514787
2,504308
2,492399
2,48306
2,477641
2,472504
2,46561
2,45723
2,453091
2,446146
2,441979
2,437529
2,431245
2,42485
2,416289
2,415962
2,412636
2,405521
2,399993
2,394367
2,391526
2,390085
2,38744
2,38729
2,38395
2,375985
2,368171
2,363718
2,357774
2,352348
2,349861
2,347736
2,345268
2,342535
2,341556
2,340287
2,335049
2,332363
2,330073
2,320659
2,305185
2,292617
2,279464
2,265099
2,250572
2,240292
2,228865
2,216025
2,207251
2,203361
2,197207
2,188128
2,180661
2,175309
2,16532
2,152784
2,141755
2,133955
2,127157
2,121304
2,116802
2,113805
2,104033
2,094706
2,089198
2,086676
2,082197
2,075645
2,072219
2,068569
2,068776
2,063371
2,061256
2,058675
2,057093
2,053852
2,051446
2,048851
2,049088
2,051344
2,051974
2,052074
2,051428
2,055737
2,057647
2,057343
2,055702
2,059945
2,061342
2,062463
2,058917
2,051419
2,040061
2,035197
2,028924
2,02073
2,010952
2,007942
2,005072
2,001753
2,002889
2,004283
2,006985
2,00679
2,006485
2,010313
2,009293
2,008365
2,005524
2,006966
2,00509
1,994628
1,984589
1,976589
1,968205
1,960632
1,952142
1,94374
1,93417
1,925502
1,923818
1,918322
1,908287
1,897931
1,892237
1,890228
1,885095
1,878695
1,872835
1,86755
1,863962
1,860506
1,855453
1,848661
1,839995
1,832968
1,82549
1,817417
1,810835
1,809548
1,806342
1,801941
1,804072
1,810995
1,813842
1,820679
1,830156
1,840369
1,847144
1,853798
1,863365
1,870917
1,875619
1,875243
1,875779
1,875012
1,871567
1,871377
1,873563
1,875549
1,878716
1,884356
1,887825
1,883558
1,885713
1,887414
1,88444
1,885533
1,888071
1,88374
1,879581
1,874207
1,867066
1,861568
1,855536
1,848698
1,84333
1,838092
1,832139
1,824573
1,819354
1,815949
1,812915
1,809865
1,805537
1,80175
1,805093
1,81193
1,820903
1,827468
1,8316
1,833544
1,836286
1,841041
1,846014
1,852393
1,850325
1,844516
1,838048
1,833289
1,827191
1,822091
1,820797
1,815371
1,807708
1,80195
1,800943
1,797884
1,795254
1,796049
1,792594
1,795316
1,796551
1,795877
1,796055
1,791499
1,785537
1,782329
1,781941
1,782936
1,786228
1,790376
1,792787
1,790466
1,787578
1,78615
1,783064
1,78279
1,786298
1,790938
1,789347
1,786826
1,785539
1,787139
1,786803
1,78857
1,799203
1,804266
1,803584
1,806592
1,811561
1,818714
1,824946
1,832719
1,838404
1,842172
1,846849
1,851245
1,853143
1,858937
1,865883
1,872663
1,880897
1,888047
1,895369
1,901337
1,907252
1,912384
1,913459
1,915441
1,916535
1,917233
1,919206
1,920812
1,917699
1,918176
1,921752
1,925522
1,928938
1,934345
1,939593
1,939193
1,935537
1,937594
1,943244
1,945757
1,942566
1,939859
1,937988
1,939601
1,939044
1,939325
1,942565
1,945309
1,949018
1,952264
1,955204
1,955721
1,954597
1,956026
1,95713
1,950686
1,945068
1,939742
1,92869
1,916753
1,90718
1,900254
1,890479
1,882023
1,874352
1,866623
1,861562
1,857266
1,855062
1,854313
1,846262
1,837603
1,831481
1,822919
1,813612
1,8072
1,803475
1,797239
1,789733
1,786265
1,786625
1,788508
1,793005
1,800303
1,80686
1,809276
1,807055
1,802197
1,801533
1,803416
1,801991
1,79888
1,791433
1,787238
1,786334
1,785779
1,781116
1,777644
1,777598
1,776201
1,772533
1,769192
1,770652
1,77272
1,772541
1,773137
1,775064
1,774213
1,776061
1,780478
1,780243
1,777628
1,775818
1,776407
1,774619
1,772449
1,779132
1,786642
1,788535
1,794465
1,801579
1,8074
1,810822
1,808847
1,808811
1,808503
1,804117
1,797014
1,791177
1,782703
1,772724
1,764764
1,758569
1,749599
1,741343
1,735704
1,733566
1,732186
1,729469
1,726818
1,719562
1,712232
1,705913
1,701769
1,695046
1,687877
1,682292
1,67856
1,674398
1,670669
1,667728
1,663688
1,657162
1,659572
1,664512
1,666035
1,667406
1,67321
1,67438
1,674867
1,673887
1,674718
1,677911
1,678924
1,679631
1,688169
1,696092
1,700665
1,707806
1,718419
1,72643
1,729062
1,73089
1,739533
1,744738
1,750688
1,758626
1,769525
1,777902
1,78469
1,789968
1,797042
1,799597
1,80721
1,815767
1,817637
1,813257
1,805387
1,799011
1,790269
1,782423
1,777274
1,770971
1,76414
1,759783
1,756012
1,749823
1,74332
1,737329
1,731982
1,724581
1,716526
1,712117
1,716203
1,720194
1,72441
1,730054
1,732417
1,728895
1,721617
1,717799
1,712783
1,706521
1,700922
1,696608
1,691117
1,68405
1,682269
1,682314
1,680102
1,675767
1,676203
1,676021
1,672004
1,670166
1,670836
1,673047
1,671662
1,66861
1,670046
1,667287
1,662809
1,663923
1,66512
1,662736
1,659636
1,660009
1,664831
1,672849
1,681083
1,690525
1,698339
1,705501
1,713956
1,723958
1,730922
1,736471
1,741391
1,739403
1,73212
1,725296
1,719783
1,714499
1,710789
1,706301
1,702945
1,698823
1,692189
1,687253
1,687551
1,690719
1,68699
1,685066
1,691852
1,69639
1,700145
1,701765
1,702614
1,700182
1,69471
1,691409
1,688911
1,685045
1,685079
1,687657
1,687041
1,685055
1,685484
1,689043
1,692382
1,6936
1,694092
1,697414
1,696174
1,695873
1,6961
1,699183
1,704178
1,708474
1,709451
1,711708
1,714732
1,722159
1,728261
1,730625
1,729098
1,734211
1,741821
1,747821
1,753605
1,761809
1,76871
1,773593
1,776878
1,782265
1,787023
1,790532
1,795837
1,800344
1,802371
1,804302
1,809799
1,815859
1,815941
1,81726
1,81627
1,810315
1,801796
1,79639
1,791564
1,786266
1,777762
1,769638
1,762577
1,753292
1,743454
1,736751
1,728808
1,719344
1,710731
1,703875
1,695689
1,687364
1,679795
1,676234
1,670387
1,663277
1,657032
1,650172
1,64248
1,63466
1,629166
1,624836
1,618158
1,612333
1,609815
1,60556
1,607539
1,615276
1,625507
1,634235
1,644195
1,657044
1,670401
1,674374
1,676333
1,67746
1,678253
1,677826
1,679816
1,683938
1,689326
1,691439
1,69041
1,689843
1,688112
1,690033
1,696988
1,702345
1,707291
1,711589
1,715534
1,7169
1,717309
1,719955
1,721565
1,727018
1,73066
1,734338
1,737761
1,739125
1,742016
1,744348
1,7504
1,752575
1,759173
1,766124
1,773529
1,781013
1,78662
1,790033
1,791552
1,788552
1,785736
1,780042
1,771759
1,762911
1,756198
1,749698
1,742275
1,734821
1,730069
1,72377
1,717384
1,712352
1,709793
1,710084
1,707489
1,707388
1,708283
1,708545
1,707932
1,710895
1,716469
1,720743
1,724215
1,726943
1,727191
1,7269
1,73093
1,732073
1,733297
1,737488
1,73603
1,734864
1,731011
1,729101
1,730774
1,727575
1,721456
1,718072
1,716626
1,711294
1,70497
1,700455
1,699132
1,693843
1,690534
1,690106
1,694216
1,693418
1,692979
1,694773
1,695553
1,694717
1,698166
1,701936
1,70014
1,699468
1,702678
1,710827
1,7152
1,719635
1,729501
1,740378
1,745474
1,753494
1,763247
1,768302
1,771857
1,775861
1,785685
1,789869
1,795615
1,804255
1,814432
1,822422
1,82636
1,833214
1,842538
1,848617
1,854632
1,859431
1,865037
1,86815
1,872153
1,878779
1,881694
1,879416
1,8798
1,883257
1,884133
1,88335
1,885732
1,887272
1,88646
1,886429
1,884353
1,875786
1,863079
1,852096
1,843007
1,83472
1,826958
1,824156
1,820369
1,814493
1,806077
1,796548
1,785944
1,773896
1,762528
1,753233
1,743033
1,733195
1,725141
1,718385
1,709249
1,700662
1,694026
1,687492
1,678802
1,67067
1,664802
1,657719
1,648496
1,642897
1,645276
1,647544
1,640085
1,634286
1,630993
1,624758
1,618343
1,61616
1,615208
1,612123
1,613968
1,624231
1,630496
1,630783
1,634465
1,639447
1,646479
1,648976
1,650165
1,652246
1,650083
1,647102
1,652163
1,656097
1,657642
1,653186
1,650052
1,651154
1,651641
1,653589
1,66096
1,665387
1,670616
1,675478
1,678826
1,680368
1,681381
1,687827
1,688652
1,683663
1,679963
1,685512
1,689464
1,687174
1,682193
1,683045
1,683576
1,681003
1,680502
1,688563
1,695375
1,700914
1,708477
1,713621
1,720395
1,727369
1,736757
1,744724
1,74896
1,748518
1,745283
1,74159
1,737198
1,734125
1,73312
1,728694
1,724311
1,723849
1,730701
1,737163
1,742916
1,750993
1,754923
1,759683
1,762668
1,762631
1,758861
1,753362
1,749683
1,74937
1,745637
1,743806
1,742196
1,738491
1,732959
1,733825
1,735965
1,737445
1,733681
1,731718
1,73772
1,74314
1,747537
1,754992
1,757155
1,754071
1,749382
1,748942
1,745999
1,742243
1,737924
1,734417
1,72981
1,725222
1,723429
1,722699
1,719719
1,717416
1,721564
1,724241
1,721596
1,719828
1,723273
1,727052
1,734046
1,743195
1,749141
1,751811
1,757769
1,767228
1,778288
1,783792
1,789605
1,795067
1,796592
1,795394
1,793561
1,796314
1,801884
1,807578
1,813333
1,816878
1,819795
1,824405
1,830338
1,832184
1,837171
1,836911
1,833617
1,830863
1,826533
1,820437
1,818668
1,810744
1,801717
1,793155
1,789597
1,782883
1,774016
1,767407
1,762691
1,757465
1,752443
1,752199
1,74959
1,743036
1,737511
1,737198
1,730695
1,723709
1,719321
1,71563
1,708433
1,700902
1,694535
1,688362
1,679606
1,670068
1,664158
1,660637
1,653598
1,647939
1,645272
1,640601
1,636094
1,635641
1,63551
1,637802
1,637908
1,637065
1,635494
1,633497
1,630536
1,628203
1,627661
1,626844
1,633032
1,633817
1,632645
1,630159
1,632032
1,638422
1,645431
1,65065
1,661674
1,673076
1,681431
1,682851
1,681607
1,682464
1,68517
1,692671
1,70116
1,705814
1,712036
1,720469
1,726557
1,727281
1,728628
1,73213
1,734392
1,731567
1,729634
1,727038
1,726664
1,723444
1,719796
1,718701
1,715549
1,710764
1,707845
1,704495
1,69772
1,692204
1,691021
1,688145
1,690137
1,689383
1,686331
1,68221
1,678022
1,676571
1,677642
1,68053
1,683391
1,685101
1,683593
1,681346
1,68019
1,680235
1,68302
1,684153
1,68645
1,6966
1,701328
1,705708
1,714852
1,722939
1,731811
1,735448
1,744267
1,75269
1,76002
1,768027
1,772264
1,774502
1,770543
1,765241
1,762257
1,758333
1,756396
1,76071
1,766211
1,766011
1,764241
1,765683
1,764961
1,764722
1,761588
1,760271
1,755043
1,74692
1,738824
1,731953
1,724102
1,716111
1,711035
1,706686
1,700845
1,694877
1,691529
1,689861
1,688989
1,695207
1,704322
1,710279
1,709654
1,705411
1,701919
1,697046
1,691562
1,68697
1,683633
1,683538
1,689076
1,697755
1,706003
1,710655
1,715114
1,71967
1,725922
1,730725
1,736871
1,738661
1,73534
1,730335
1,727003
1,721156
1,713706
1,706815
1,701823
1,696838
1,689805
1,683994
1,680911
1,676793
1,670656
1,666036
1,663132
1,658252
1,653589
1,65139
1,648931
1,647987
1,644766
1,645049
1,647019
1,649305
1,650599
1,658667
1,663763
1,667161
1,667995
1,669444
1,666744
1,663173
1,664291
1,66569
1,664938
1,666706
1,672875
1,676295
1,679824
1,681254
1,684776
1,686586
1,685079
1,687577
1,690868
1,693379
1,689218
1,687358
1,685768
1,681075
1,678315
1,678378
1,676537
1,674215
1,673362
1,672736
1,672422
1,672248
1,673918
1,676836
1,681285
1,683106
1,68984
1,69709
1,702419
1,705403
1,714828
1,725084
1,732426
1,734795
1,741366
1,747324
1,752526
1,755537
1,763117
1,771551
1,776787
1,780142
1,782336
1,783957
1,7831
1,781604
1,778875
1,771863
1,764866
1,762673
1,761031
1,754032
1,749304
1,746324
1,741677
1,736794
1,732366
1,728334
1,721739
1,717929
1,717596
1,714274
1,708662
1,706311
1,708651
1,706771
1,703614
1,701185
1,698821
1,692441
1,686462
1,68872
1,696014
1,703949
1,713
1,720839
1,730956
1,739249
1,748236
1,755793
1,75528
1,753246
1,749517
1,747324
1,742749
1,738139
1,734086
1,730901
1,728422
1,729668
1,731466
1,729622
1,725365
1,726652
1,727563
Application End
Application Start
90,44856
65,35381
47,34295
34,42148
25,11518
18,51231
13,78074
10,35774
7,839713
6,158553
4,948665
4,123834
3,474553
2,930591
2,538981
2,253085
2,025715
1,914771
1,902086
1,841183
1,766761
1,747527
1,778298
1,798563
1,865208
1,886718
1,743965
1,732331
1,782788
1,74983
1,727712
1,738757
1,748325
1,677726
1,722023
1,681966
1,697688
1,789169
1,821134
1,905268
1,76828
1,776153
1,656064
1,649137
1,745182
1,762054
1,865995
1,848649
1,737036
1,705853
1,60637
1,724124
1,802382
1,832181
1,732986
1,779256
1,856597
1,837766
1,924369
1,807146
1,725637
1,77334
1,765141
1,720947
1,776486
1,841244
1,919888
1,930052
1,82324
1,820491
1,809763
1,806978
1,81098
1,771338
1,665921
1,759925
1,732947
1,721141
1,749785
1,742313
1,83866
1,856682
1,765056
1,82239
1,845139
1,894516
1,777975
1,78002
1,70897
1,69093
1,692129
1,709645
1,774376
1,651212
1,650123
1,753978
1,764626
1,67348
1,694071
1,65869
1,668848
1,789965
1,846904
1,768321
1,78588
1,775034
1,815481
1,829326
1,661499
1,732076
1,720105
18,85911
29,29602
36,93373
41,22459
49,5782
51,11371
54,13362
55,04815
56,52111
57,0458
58,20239
57,34423
57,00346
57,09457
58,58592
60,86134
61,56243
60,20395
57,50528
56,2017
55,09295
56,75264
54,49407
55,1181
51,36138
50,15298
47,61538
45,90197
43,71757
39,72624
40,55759
39,59
40,06902
41,85675
42,81493
42,4267
39,25061
38,50708
36,36256
35,94127
37,49708
37,28656
38,31943
38,68419
39,28172
40,99987
40,58643
41,44893
42,27707
43,66882
50,17566
55,01337
51,66191
50,83451
55,40305
58,62225
61,22205
62,72843
66,20691
66,55093
62,45918
58,86363
57,48851
57,13409
56,5519
53,67637
54,61877
53,06189
54,75193
54,73698
56,62804
55,37433
56,98029
55,32317
56,1634
55,34893
57,97771
60,56353
62,60011
63,88724
63,43531
65,19635
47,90377
34,48605
24,88375
37,45616
47,44338
53,10075
55,19721
54,3837
53,8111
53,72723
52,18239
53,82389
56,57993
56,91963
59,59156
60,71333
63,6827
69,63989
70,70529
70,45246
69,09766
68,45765
64,85228
63,23318
60,32137
61,87826
64,29903
61,83493
61,33405
45,99246
35,01822
27,5425
21,79592
17,9161
15,10166
13,25129
12,68067
12,14641
10,55655
10,15281
10,59029
10,92344
11,39098
11,4914
12,85502
13,28796
12,59102
11,6403
11,38538
11,20156
11,23788
10,44339
10,50223
10,21614
10,57777
10,61747
11,10968
10,83161
11
10,75704
11,2187
10,76335
11,47189
12,17237
12,56469
12,86857
12,80962
12,13422
8,892892
6,541298
5,189966
8,09713
9,626201
10,4189
10,82924
10,6412
10,43059
10,27624
10,02061
10,4738
10,86779
10,91093
11,69583
11,58518
12,6905
14,12094
14,45059
13,82128
13,80544
13,85081
13,05255
12,17448
11,63013
12,09708
12,26322
12,17426
11,99217
12,86036
13,23006
9,943959
7,320939
5,413568
4,053285
3,090623
2,382759
8,764588
12,57739
15,04878
16,21549
17,57831
17,7624
18,34772
18,12044
18,31293
20,66057
22,76418
23,44926
24,02907
23,93251
24,93642
25,17202
25,11163
25,24369
25,88555
25,70483
26,37696
25,57903
25,02979
25,56059
26,08358
26,66364
27,30435
26,83846
25,04767
25,44433
24,0414
24,03207
23,45974
23,89296
21,00898
20,83554
20,43692
19,457
17,65214
16,73012
16,70319
16,97085
17,60502
17,14261
16,93235
16,38377
15,7788
15,17627
14,52983
14,64609
15,67127
15,88658
14,31412
10,41589
7,636712
5,64389
4,205669
3,174723
2,648653
2,059641
1,642871
1,352077
1,138888
1,011186
0,8916847
0,8116384
0,7440087
0,7022685
0,6627136
0,6553872
0,6452369
0,6378998
0,6214758
0,6106529
0,6116495
0,6075377
0,6033821
0,6073768
0,6012245
0,5935929
0,5858622
0,5808545
0,574937
0,5756267
0,5945108
0,5840391
0,5796067
0,5863376
0,5805733
0,590356
0,5876788
0,5869451
0,5748071
0,571857
0,5681626
0,5680624
0,5655636
0,5694519
0,5677364
0,5664875
0,5661145
0,5748944
0,5797209
0,5872743
0,6164185
0,6041811
0,599492
0,5903206
0,5885863
0,5855683
0,5809893
0,5749076
0,5829305
0,5804989
0,5985366
0,5966836
0,6089104
0,599059
0,5867161
0,5934812
0,5861964
0,5815292
0,5716594
0,5746
0,5793347
0,5757509
0,5660056
0,564442
0,5684797
0,5678539
0,5702476
0,5686564
0,5668263
0,570618
0,561748
0,5581728
0,5555172
0,5582014
0,559231
0,5598801
0,5544147
0,5565213
0,559103
0,5617378
0,5903518
0,5849159
0,5840444
0,5756199
0,5710987
0,5690382
0,5657602
0,5802659
0,5782841
0,5830713
0,5818747
0,5805162
0,578416
0,5710031
0,5719593
0,5718897
0,5806128
0,5723236
0,5743519
0,5794194
0,5683684
0,5657394
0,5637429
Application End
Application Start
Application End
Application Start
Application End
Application Start
Application End
Application Start
Application End
Application Start
Application Start
Application End
Application Start
Application Start
Application Start
Application Start
Application End
Application Start
Application End
Application Start
Application End
Application Start
Application End
Application Start
Application End
Application Start
Application End
Application Start
Application End
Application Start
Wrong rythm
Wrong rythm
Wrong rythm
Wrong rythm
Wrong rythm
Wrong rythm
Wrong rythm
Wrong rythm
Wrong rythm
Wrong rythm
Wrong rythm
Wrong rythm
Wrong rythm
Wrong rythm
Wrong rythm
Wrong rythm
Wrong rythm
Wrong rythm
Wrong rythm
Wrong rythm
Wrong rythm
Wrong rythm
Wrong rythm
Wrong rythm
Application End
Application Start
Application End
Application Start
Application End
Application Start
Application End
Application Start
Application End
Application Start
Application End
Application Start
Application Start
Application End
Application Start
Application End
Application Start
Application End
Application Start
Application End
Application Start
Application Start
Application Start
Application End
Application Start
Wrong rythm
Wrong rythm
Wrong rythm
Wrong rythm
Wrong rythm
Wrong rythm
Wrong rythm
Wrong rythm
Wrong rythm
Wrong rythm
Wrong rythm
Wrong rythm
Wrong rythm
Wrong rythm
Wrong rythm
Wrong rythm
Wrong rythm
Wrong rythm
Wrong rythm
Wrong rythm
Wrong rythm
Wrong rythm
Wrong rythm
Wrong rythm
Wrong rythm
Wrong rythm
Wrong rythm
Wrong rythm
Wrong rythm
Wrong rythm
Wrong rythm
Wrong rythm
Wrong rythm
Wrong rythm
Wrong rythm
Wrong rythm
Wrong rythm
Wrong rythm
Wrong rythm
Wrong rythm
Wrong rythm
Wrong rythm
Wrong rythm
Wrong rythm
Wrong rythm
Wrong rythm
Wrong rythm
Wrong rythm
Wrong rythm
Wrong rythm
Wrong rythm
Wrong rythm
Wrong rythm
Application Start
Wrong rythm
Wrong rythm
Wrong rythm
Wrong rythm
Wrong rythm
Wrong rythm
Wrong rythm
Wrong rythm
Wrong rythm
Wrong rythm
Wrong rythm
Wrong rythm
Wrong rythm
Application End
Application Start
Application End
Application Start
Application End
Application Start
Application End
Application Start
Application End
Application Start
Application End
Application Start
Application End
Application Start
Application Start
Application Start
Application End
Application Start
Application End
Application Start
Application End
Application Start
Application End
Application Start
Application End
Application Start
Application End
Application Start
Wrong rythm
Wrong rythm
Wrong rythm
Application End
Application Start
Wrong rythm
Wrong rythm
Wrong rythm
Wrong rythm
Wrong rythm
Wrong rythm
Wrong rythm
Wrong rythm
Wrong rythm
Wrong rythm
Wrong rythm
Wrong rythm
Wrong rythm
Wrong rythm
Application End
Application Start
Application End
Application Start
Application End
Application Start
Wrong rythm
Wrong rythm
Wrong rythm
Wrong rythm
Wrong rythm
Wrong rythm
Wrong rythm
Wrong rythm
Wrong rythm
Wrong rythm
Wrong rythm
Wrong rythm
Wrong rythm
Wrong rythm
Wrong rythm
Wrong rythm
Wrong rythm
Wrong rythm
Wrong rythm
Wrong rythm
Wrong rythm
Wrong rythm
Wrong rythm
Wrong rythm
Wrong rythm
Wrong rythm
Wrong rythm
Wrong rythm
Wrong rythm
Wrong rythm
Wrong rythm
Wrong rythm
Wrong rythm
Wrong rythm
Wrong rythm
Wrong rythm
Wrong rythm
Wrong rythm
Wrong rythm
Wrong rythm
Wrong rythm
Wrong rythm
Wrong rythm
Wrong rythm
Application End
Application Start
Application Start
Application End
Application Start
Application Start
Application End
Application Start
Application End
Application Start
Wrong rythm
Wrong rythm
Wrong rythm
Wrong rythm
Wrong rythm
Wrong rythm
Wrong rythm
Wrong rythm
Wrong rythm
Wrong rythm
Wrong rythm
Wrong rythm
Wrong rythm
Wrong rythm
Wrong rythm
Wrong rythm
Wrong rythm
Wrong rythm
Wrong rythm
Wrong rythm
Wrong rythm
Wrong rythm
Wrong rythm
Wrong rythm
Wrong rythm
Wrong rythm
Wrong rythm
Wrong rythm
Wrong rythm
Wrong rythm
Wrong rythm
Wrong rythm
Wrong rythm
Wrong rythm
Wrong rythm
Wrong rythm
Wrong rythm
Wrong rythm
Wrong rythm
Wrong rythm
Wrong rythm
Wrong rythm
Wrong rythm
Wrong rythm
Wrong rythm
Wrong rythm
Wrong rythm
Wrong rythm
Wrong rythm
Wrong rythm
Wrong rythm
Wrong rythm
Wrong rythm
Wrong rythm
Wrong rythm
Wrong rythm
Wrong rythm
Wrong rythm
Wrong rythm
Wrong rythm
Wrong rythm
Wrong rythm
Wrong rythm
Wrong rythm
Wrong rythm
Wrong rythm
Wrong rythm
Wrong rythm
Wrong rythm
Wrong rythm
Wrong rythm
Wrong rythm
Wrong rythm
Wrong rythm
Wrong rythm
Wrong rythm
Wrong rythm
Wrong rythm
Wrong rythm
Wrong rythm
Wrong rythm
Wrong rythm
Wrong rythm
Wrong rythm
Wrong rythm
Wrong rythm
Wrong rythm
Wrong rythm
Wrong rythm
Wrong rythm
Wrong rythm
Wrong rythm
Wrong rythm
Wrong rythm
Wrong rythm
Wrong rythm
Wrong rythm
Wrong rythm
Wrong rythm
Wrong rythm
Wrong rythm
Wrong rythm
Wrong rythm
Wrong rythm
Wrong rythm
Wrong rythm
Wrong rythm
Wrong rythm
Wrong rythm
Wrong rythm
Wrong rythm
Wrong rythm
Wrong rythm
Wrong rythm
Wrong rythm
Wrong rythm
Wrong rythm
Wrong rythm
Wrong rythm
Wrong rythm
Wrong rythm
Wrong rythm
Wrong rythm
Wrong rythm
Wrong rythm
Wrong rythm
Wrong rythm
Wrong rythm
Wrong rythm
Wrong rythm
Wrong rythm
Wrong rythm
Wrong rythm
Wrong rythm
Wrong rythm
Wrong rythm
Wrong rythm
Wrong rythm
Wrong rythm
Wrong rythm
Wrong rythm
Wrong rythm
Wrong rythm
Wrong rythm
Wrong rythm
Wrong rythm
Wrong rythm
Wrong rythm
Wrong rythm
Wrong rythm
Wrong rythm
Wrong rythm
Wrong rythm
Wrong rythm
Wrong rythm
Wrong rythm
Wrong rythm
Wrong rythm
Application Start
Wrong rythm
Wrong rythm
Wrong rythm
Wrong rythm
Wrong rythm
Wrong rythm
Wrong rythm
Wrong rythm
Wrong rythm
Wrong rythm
Application Start
Application Start
Wrong rythm
Application End
Application Start
Application End
Application Start
Application End
Application Start
Application End
Application Start
Application End
Application Start
Application End
Application Start
Application End
Application Start
Application End
Application Start
Application End
Application Start
Application End
Application Start
Application Start
Application Start
Application End
Application Start
Application Start
Application End
Application Start
Application Start
Application End
Application Start
Application End
Application Start
Application End
Application Start
Application End
Application Start
Application End
Application Start
Application End
Application Start
Application Start
Application End
Application Start
Application End
Application Start
Application End
Application Start
Wrong rythm
Wrong rythm
Wrong rythm
Wrong rythm
Wrong rythm
Wrong rythm
Wrong rythm
Wrong rythm
Wrong rythm
Wrong rythm
Wrong rythm
Wrong rythm
Wrong rythm
Wrong rythm
Wrong rythm
Wrong rythm
Wrong rythm
Wrong rythm
Wrong rythm
Wrong rythm
Wrong rythm
Wrong rythm
Wrong rythm
Wrong rythm
Wrong rythm
Wrong rythm
Wrong rythm
Wrong rythm
Wrong rythm
Wrong rythm
Wrong rythm
Wrong rythm
Wrong rythm
Wrong rythm
Wrong rythm
Wrong rythm
Wrong rythm
Wrong rythm
Wrong rythm
Wrong rythm
Wrong rythm
Wrong rythm
Wrong rythm
Wrong rythm
Wrong rythm
Wrong rythm
Wrong rythm
Wrong rythm
Wrong rythm
Wrong rythm
Wrong rythm
Wrong rythm
Wrong rythm
Wrong rythm
Wrong rythm
Wrong rythm
Wrong rythm
Wrong rythm
Wrong rythm
Wrong rythm
Wrong rythm
Wrong rythm
Wrong rythm
Wrong rythm
Wrong rythm
Wrong rythm
Wrong rythm
Wrong rythm
Wrong rythm
Wrong rythm
Wrong rythm
Wrong rythm
Wrong rythm
Wrong rythm
Wrong rythm
Wrong rythm
Wrong rythm
Wrong rythm
Wrong rythm
Wrong rythm
Wrong rythm
Wrong rythm
Wrong rythm
Wrong rythm
Wrong rythm
Wrong rythm
Wrong rythm
Wrong rythm
Wrong rythm
Wrong rythm
Wrong rythm
Wrong rythm
Wrong rythm
Wrong rythm
Wrong rythm
Wrong rythm
Wrong rythm
Wrong rythm
Wrong rythm
Wrong rythm
Wrong rythm
Wrong rythm
Wrong rythm
Wrong rythm
Wrong rythm
Wrong rythm
Wrong rythm
Wrong rythm
Wrong rythm
Wrong rythm
Wrong rythm
Wrong rythm
Wrong rythm
Wrong rythm
Wrong rythm
Wrong rythm
Wrong rythm
Wrong rythm
Wrong rythm
Wrong rythm
Wrong rythm
Wrong rythm
Wrong rythm
Wrong rythm
Wrong rythm
Wrong rythm
Wrong rythm
Wrong rythm
Wrong rythm
Wrong rythm
Wrong rythm
Wrong rythm
Wrong rythm
Wrong rythm
Wrong rythm
Wrong rythm
Wrong rythm
Wrong rythm
Wrong rythm
Application Start
Wrong rythm
Wrong rythm
Wrong rythm
Wrong rythm
Wrong rythm
Application End
Application Start
Wrong rythm
Wrong rythm
Wrong rythm
Wrong rythm
Wrong rythm
Wrong rythm
Wrong rythm
Wrong rythm
Wrong rythm
Wrong rythm
Wrong rythm
Wrong rythm
Wrong rythm
Wrong rythm
Wrong rythm
Wrong rythm
Wrong rythm
Wrong rythm
Wrong rythm
Wrong rythm
Wrong rythm
Wrong rythm
Wrong rythm
Application End
Application Start
Application End
Application Start
Application End
Application Start
Application Start
Application End
Application Start
Wrong rythm
Wrong rythm
Wrong rythm
Wrong rythm
Wrong rythm
Wrong rythm
Wrong rythm
Wrong rythm
Wrong rythm
Wrong rythm
Wrong rythm
Wrong rythm
Wrong rythm
Application End
Application Start
Wrong rythm
Wrong rythm
Wrong rythm
Wrong rythm
Wrong rythm
Wrong rythm
Wrong rythm
Wrong rythm
Wrong rythm
Wrong rythm
Wrong rythm
Wrong rythm
Wrong rythm
Wrong rythm
Wrong rythm
Wrong rythm
Wrong rythm
Wrong rythm
Wrong rythm
Wrong rythm
Wrong rythm
Wrong tempo
Wrong rythm
Wrong rythm
Wrong rythm
Wrong rythm
Wrong rythm
Wrong rythm
Wrong rythm
Wrong rythm
Wrong rythm
Wrong rythm
Wrong rythm
Wrong rythm
Wrong rythm
Wrong tempo
Wrong rythm
Wrong rythm
Wrong rythm
Wrong rythm
Wrong rythm
Wrong rythm
Wrong rythm
Wrong rythm
Wrong rythm
Wrong rythm
Wrong rythm
Wrong rythm
Wrong rythm
Wrong rythm
Wrong tempo
Wrong rythm
Wrong rythm
Wrong rythm
Wrong rythm
Wrong rythm
Wrong rythm
Wrong rythm
Wrong rythm
Wrong rythm
Wrong rythm
Wrong rythm
Wrong rythm
Wrong rythm
Wrong rythm
Wrong rythm
Wrong tempo
Wrong rythm
Wrong rythm
Wrong rythm
Wrong rythm
Wrong rythm
Wrong rythm
Wrong rythm
Wrong rythm
Wrong rythm
Wrong rythm
Wrong rythm
Wrong rythm
Wrong rythm
Wrong rythm
Wrong rythm
Wrong rythm
Wrong rythm
Wrong rythm
Wrong rythm
Wrong rythm
Wrong rythm
Wrong rythm
Wrong rythm
Wrong rythm
Wrong rythm
Wrong rythm
Wrong rythm
Wrong rythm
Wrong rythm
Wrong rythm
Wrong rythm
Wrong rythm
Wrong rythm
Wrong rythm
Wrong rythm
Wrong rythm
Wrong rythm
Wrong rythm
Wrong rythm
Wrong rythm
Wrong rythm
Wrong rythm
Application Start
Wrong rythm
Wrong rythm
Wrong rythm
Wrong rythm
Wrong rythm
Wrong rythm
Wrong rythm
Wrong rythm
Wrong rythm
Wrong rythm
Wrong rythm
Wrong rythm
Wrong rythm
Wrong rythm
Wrong rythm
Wrong rythm
Wrong rythm
Wrong rythm
Wrong tempo
Wrong rythm
Wrong rythm
Wrong rythm
Wrong rythm
Wrong rythm
Wrong rythm
Wrong rythm
Wrong rythm
Wrong rythm
Wrong rythm
Wrong rythm
Wrong tempo
Wrong rythm
Wrong rythm
Wrong rythm
Wrong rythm
Wrong rythm
Wrong rythm
Wrong rythm
Wrong rythm
Wrong rythm
Wrong rythm
Wrong rythm
Wrong rythm
Wrong rythm
Wrong rythm
Wrong rythm
Wrong rythm
Wrong rythm
Wrong rythm
Wrong rythm
Application Start
Application Start
Wrong rythm
Wrong rythm
Wrong rythm
Wrong tempo
Wrong rythm
Wrong rythm
Wrong rythm
Wrong rythm
Wrong rythm
Wrong rythm
Wrong rythm
Wrong rythm
Wrong rythm
Wrong rythm
Wrong rythm
Wrong rythm
Wrong rythm
Application End
Application Start
Wrong tempo
Wrong rythm
Wrong rythm
Wrong rythm
Wrong rythm
Wrong rythm
Wrong rythm
Wrong tempo
Wrong rythm
Wrong rythm
Wrong rythm
Wrong rythm
Wrong rythm
Wrong rythm
Wrong rythm
Wrong rythm
Wrong rythm
Wrong rythm
Wrong rythm
Wrong rythm
Wrong rythm
Wrong rythm
Wrong rythm
Wrong rythm
Wrong rythm
Wrong rythm
Wrong rythm
Wrong rythm
Wrong rythm
Wrong rythm
Wrong rythm
Wrong rythm
Wrong rythm
Wrong tempo
Wrong tempo
Wrong rythm
Wrong rythm
Wrong rythm
Wrong rythm
Wrong rythm
Application Start
Wrong rythm
Wrong rythm
Wrong rythm
Wrong rythm
Wrong rythm
Wrong rythm
Wrong rythm
Wrong rythm
Wrong rythm
Wrong rythm
Wrong rythm
Wrong rythm
Wrong rythm
Wrong rythm
Wrong rythm
Wrong rythm
Wrong rythm
Wrong rythm
Wrong rythm
Wrong rythm
Wrong rythm
Wrong rythm
Wrong rythm
Wrong rythm
Wrong rythm
Wrong rythm
Wrong rythm
Wrong rythm
Wrong tempo
Wrong rythm
Wrong rythm
Wrong rythm
Wrong rythm
Wrong rythm
Wrong rythm
Wrong rythm
Wrong rythm
Wrong rythm
Wrong rythm
Wrong rythm
Wrong rythm
Wrong rythm
Wrong rythm
Wrong rythm
Wrong rythm
Wrong tempo
Wrong rythm
Wrong rythm
Wrong rythm
Wrong rythm
Wrong rythm
Wrong rythm
Wrong rythm
Wrong rythm
Wrong rythm
Wrong rythm
Wrong tempo
Wrong rythm
Wrong rythm
Wrong rythm
Wrong rythm
Wrong rythm
Wrong rythm
Wrong rythm
Wrong rythm
Wrong rythm
Wrong rythm
Wrong rythm
Wrong rythm
Wrong rythm
Wrong rythm
Wrong rythm
Wrong rythm
Wrong tempo
Wrong rythm
Wrong rythm
Wrong rythm
Wrong rythm
Wrong rythm
Application Start
Application Start
Application End
Application Start
Application Start
Application Start
Wrong rythm
Wrong rythm
Wrong rythm
Wrong rythm
Wrong rythm
Wrong rythm
Wrong rythm
Wrong rythm
Wrong rythm
Wrong rythm
Wrong rythm
Wrong rythm
Wrong rythm
Wrong rythm
Wrong rythm
Wrong rythm
Wrong rythm
Wrong rythm
Wrong rythm
Wrong rythm
Wrong rythm
Wrong rythm
Wrong rythm
Wrong rythm
Wrong rythm
Wrong rythm
Wrong rythm
Wrong rythm
Wrong rythm
Wrong rythm
Wrong rythm
Wrong rythm
Wrong rythm
Wrong rythm
Wrong rythm
Wrong rythm
Wrong rythm
Wrong rythm
Wrong rythm
Wrong rythm
Wrong rythm
Wrong rythm
Wrong rythm
Wrong rythm
Wrong rythm
Wrong rythm
Wrong rythm
Wrong rythm
Wrong rythm
Wrong rythm
Wrong rythm
Wrong rythm
Wrong rythm
Wrong tempo
Wrong tempo
Wrong tempo
Wrong tempo
Wrong tempo
Wrong tempo
Wrong tempo
Wrong tempo
Wrong tempo
Wrong tempo
Wrong rythm
Wrong rythm
Wrong tempo
Wrong rythm
Wrong rythm
Wrong rythm
Wrong rythm
Wrong rythm
Wrong rythm
Wrong rythm
Wrong rythm
Wrong rythm
Wrong rythm
Wrong rythm
Wrong tempo
Wrong rythm
Wrong tempo
Wrong rythm
Wrong rythm
Wrong rythm
Wrong rythm
Wrong rythm
Wrong tempo
Wrong rythm
Wrong rythm
Wrong tempo
Wrong rythm
Wrong rythm
Wrong rythm
Wrong rythm
Wrong rythm
Wrong tempo
Wrong rythm
Wrong tempo
Wrong rythm
Wrong rythm
Wrong rythm
Wrong rythm
Application End
Application Start
Application Start
Application End
Application Start
Application End
Application Start
Wrong rythm
Wrong rythm
Wrong rythm
Wrong rythm
Wrong rythm
Wrong rythm
Wrong rythm
Wrong rythm
Wrong rythm
Wrong rythm
Wrong rythm
Wrong rythm
Wrong rythm
Wrong rythm
Application Start
Wrong rythm
Wrong rythm
Wrong rythm
Wrong rythm
Wrong rythm
Wrong rythm
Wrong rythm
Wrong rythm
Wrong rythm
Wrong rythm
Wrong rythm
Wrong rythm
Wrong rythm
Wrong rythm
Wrong rythm
Wrong rythm
Wrong rythm
Wrong rythm
Wrong rythm
Wrong rythm
Wrong rythm
Wrong rythm
Wrong rythm
Wrong rythm
Wrong rythm
Wrong rythm
Wrong rythm
Wrong rythm
Wrong rythm
Wrong rythm
Wrong rythm
Wrong rythm
Wrong rythm
Wrong rythm
Wrong tempo
Wrong rythm
Wrong rythm
Wrong rythm
Wrong rythm
Wrong rythm
Wrong rythm
Wrong rythm
Wrong rythm
Wrong rythm
Wrong rythm
Wrong rythm
Wrong rythm
Wrong rythm
Wrong rythm
Wrong rythm
Wrong rythm
Wrong rythm
Wrong rythm
Wrong rythm
Wrong rythm
Wrong rythm
Wrong rythm
Wrong rythm
Wrong rythm
Wrong rythm
Wrong rythm
Wrong rythm
Wrong rythm
Wrong rythm
Wrong rythm
Wrong tempo
Wrong rythm
Wrong rythm
Wrong rythm
Wrong rythm
Application Start
Wrong rythm
Wrong rythm
Wrong rythm
Wrong rythm
Wrong rythm
Wrong rythm
Wrong rythm
Wrong rythm
Wrong rythm
Wrong rythm
Wrong rythm
Wrong rythm
Wrong rythm
Wrong rythm
Wrong rythm
Wrong rythm
Wrong rythm
Wrong rythm
Wrong rythm
Wrong rythm
Wrong rythm
Wrong rythm
Wrong rythm
Wrong rythm
Wrong rythm
Wrong rythm
Wrong rythm
Wrong rythm
Wrong rythm
Wrong rythm
Wrong rythm
Wrong rythm
Wrong rythm
Wrong rythm
Wrong rythm
Wrong rythm
Wrong rythm
Wrong rythm
Wrong rythm
Wrong rythm
Wrong rythm
Wrong rythm
Wrong rythm
Wrong rythm
Wrong rythm
Wrong rythm
Wrong rythm
Wrong rythm
Wrong rythm
Wrong rythm
Wrong rythm
Wrong rythm
Wrong rythm
Wrong rythm
Wrong rythm
Wrong rythm
Wrong rythm
Wrong rythm
Application Start
Wrong rythm
Wrong rythm
Wrong rythm
Wrong rythm
Wrong rythm
Wrong rythm
Wrong rythm
Application Start
Wrong rythm
Wrong rythm
Wrong rythm
Wrong rythm
Wrong rythm
Wrong rythm
Wrong rythm
Wrong rythm
Wrong rythm
Wrong rythm
Wrong rythm
Wrong rythm
Wrong rythm
Wrong rythm
Wrong rythm
Wrong rythm
Wrong rythm
Wrong rythm
Wrong rythm
Wrong rythm
Wrong rythm
Wrong rythm
Wrong rythm
Wrong rythm
Wrong rythm
Wrong rythm
Wrong rythm
Wrong rythm
Wrong rythm
Wrong rythm
Wrong rythm
Wrong rythm
Wrong rythm
Wrong rythm
Wrong rythm
Wrong rythm
Wrong rythm
Wrong rythm
Wrong rythm
Wrong rythm
Wrong rythm
Wrong rythm
Wrong rythm
Wrong rythm
Wrong rythm
Wrong rythm
Wrong rythm
Wrong rythm
Wrong rythm
Wrong rythm
Wrong rythm
Wrong rythm
Wrong rythm
Wrong rythm
Wrong rythm
Wrong rythm
Wrong rythm
Wrong rythm
Wrong rythm
Wrong rythm
Wrong rythm
Wrong rythm
Wrong rythm
Wrong rythm
Wrong rythm
Wrong rythm
Wrong rythm
Wrong rythm
Wrong rythm
Wrong rythm
Wrong rythm
Wrong rythm
Wrong rythm
Wrong rythm
Wrong rythm
Wrong rythm
Wrong rythm
Wrong rythm
Wrong rythm
Wrong rythm
Wrong rythm
Wrong rythm
Wrong rythm
Wrong rythm
Wrong rythm
Wrong rythm
Wrong rythm
Wrong rythm
Wrong rythm
Wrong rythm
Wrong rythm
Wrong rythm
Wrong rythm
Wrong rythm
Application Start
Wrong rythm
Wrong rythm
Wrong rythm
Wrong rythm
Wrong rythm
Wrong rythm
Wrong rythm
Wrong rythm
Wrong rythm
Wrong rythm
Wrong rythm
Wrong rythm
Wrong tempo
Wrong rythm
Wrong rythm
Wrong rythm
Wrong rythm
Wrong rythm
Wrong rythm
Wrong rythm
Wrong rythm
Wrong rythm
Wrong rythm
Wrong rythm
Wrong rythm
Wrong rythm
Wrong rythm
Wrong rythm
Wrong rythm
Application Start
Wrong rythm
Wrong rythm
Wrong rythm
Wrong rythm
Wrong rythm
Wrong rythm
Wrong rythm
Wrong rythm
Wrong rythm
Wrong rythm
Wrong rythm
Wrong rythm
Wrong rythm
Wrong rythm
Application Start
Application End
Application Start
Application Start
Application Start
Application Start
Application End
Application Start
Application Start
Application Start
Application End
Application Start
Application Start
Application Start
Application Start
Application Start
Application End
Application Start
Application Start
Application Start
Application Start
Application Start
Application Start
Wrong rythm
Wrong rythm
Wrong rythm
Wrong rythm
Wrong rythm
Wrong rythm
Wrong rythm
Wrong rythm
Wrong rythm
Wrong rythm
Application Start
Wrong rythm
Wrong rythm
Application Start
Wrong rythm
Application Start
Wrong rythm
Application Start
Wrong rythm
Wrong rythm
Wrong rythm
Wrong rythm
Wrong rythm
Wrong rythm
Wrong rythm
Wrong rythm
Wrong rythm
Wrong rythm
Wrong rythm
Wrong rythm
Wrong rythm
Wrong rythm
Wrong rythm
Wrong rythm
Wrong rythm
Wrong rythm
Wrong rythm
Wrong rythm
Wrong rythm
Wrong rythm
Wrong rythm
Wrong rythm
Wrong rythm
Wrong rythm
Wrong rythm
Wrong rythm
Wrong rythm
Wrong rythm
Wrong rythm
Wrong rythm
Wrong rythm
Wrong rythm
Wrong rythm
Wrong rythm
Application Start
Wrong rythm
Wrong rythm
Wrong rythm
Wrong rythm
Wrong rythm
Wrong rythm
Wrong rythm
Wrong rythm
Wrong rythm
Wrong rythm
Wrong rythm
Wrong rythm
Wrong rythm
Wrong rythm
Wrong rythm
Wrong rythm
Wrong rythm
Wrong rythm
Wrong rythm
Wrong rythm
Wrong rythm
Wrong rythm
Wrong rythm
Wrong rythm
Wrong rythm
Application Start
Wrong rythm
Wrong rythm
Wrong rythm
Wrong rythm
Wrong rythm
Wrong rythm
Wrong rythm
Wrong rythm
Wrong rythm
Wrong rythm
Wrong rythm
Wrong rythm
Wrong rythm
Wrong rythm
Wrong rythm
Wrong rythm
Wrong rythm
Wrong tempo
Wrong rythm
Wrong rythm
Wrong rythm
Wrong rythm
Wrong rythm
Wrong rythm
Wrong rythm
Wrong rythm
Wrong rythm
Wrong rythm
Wrong rythm
Wrong rythm
Wrong rythm
Wrong rythm
Wrong rythm
Wrong rythm
Application Start
Application End
Application Start
Application Start
Application Start
Application Start
Application End
Application Start
Application Start
Application Start
Application Start
Application End
Application Start
Wrong rythm
Application Start
Application Start
Application Start
Application End
Application Start
Wrong rythm
Wrong rythm
Wrong rythm
Application Start
Application Start
Application Start
Application Start
Application End
Application Start
Wrong tempo
Wrong rythm
Wrong rythm
Wrong rythm
Wrong rythm
Wrong rythm
Wrong rythm
Wrong tempo
Wrong rythm
Wrong rythm
Wrong rythm
Wrong rythm
Wrong rythm
Wrong rythm
Wrong rythm
Wrong rythm
Wrong rythm
Wrong rythm
Wrong rythm
Wrong rythm
Wrong rythm
Wrong rythm
Wrong rythm
Wrong rythm
Wrong rythm
Wrong rythm
Wrong rythm
Wrong rythm
Wrong rythm
Wrong rythm
Wrong rythm
Wrong rythm
Wrong rythm
Application End
Application Start
Wrong rythm
Wrong rythm
Wrong rythm
Wrong rythm
Wrong rythm
Wrong rythm
Wrong rythm
Wrong rythm
Wrong tempo
Wrong rythm
Wrong rythm
Wrong rythm
Wrong tempo
Application End
Application Start
Application End
Application Start
Wrong rythm
Wrong rythm
Wrong rythm
Wrong rythm
Wrong rythm
Wrong rythm
Wrong rythm
Wrong rythm
Wrong rythm
Wrong rythm
Wrong rythm
Wrong tempo
Wrong rythm
Wrong rythm
Wrong rythm
Wrong rythm
Wrong rythm
Wrong rythm
Wrong rythm
Wrong rythm
Wrong rythm
Wrong rythm
Wrong rythm
Wrong rythm
Application Start
Wrong rythm
Wrong rythm
Wrong rythm
Wrong rythm
Wrong rythm
Wrong rythm
Wrong rythm
Wrong rythm
Wrong rythm
Wrong rythm
Wrong rythm
Wrong rythm
Wrong rythm
Wrong rythm
Wrong rythm
Wrong rythm
Wrong rythm
Wrong rythm
Wrong rythm
Wrong rythm
Wrong rythm
Wrong rythm
Application End
Application Start
Application End
Application Start
Wrong rythm
Wrong rythm
Wrong rythm
Wrong tempo
Wrong rythm
Wrong rythm
Wrong rythm
Wrong rythm
Wrong rythm
Wrong rythm
Wrong rythm
Wrong rythm
Wrong rythm
Wrong rythm
Wrong rythm
Wrong rythm
Wrong rythm
Wrong rythm
Wrong rythm
Wrong rythm
Wrong rythm
Wrong rythm
Wrong rythm
Wrong rythm
Wrong rythm
Wrong rythm
Wrong rythm
Wrong rythm
Wrong rythm
Wrong rythm
Wrong rythm
Wrong rythm
Wrong rythm
Wrong rythm
Application End
Application Start
Wrong rythm
Wrong rythm
Wrong rythm
Wrong rythm
Wrong rythm
Wrong rythm
Wrong rythm
Wrong rythm
Wrong rythm
Wrong rythm
Wrong tempo
Wrong rythm
Wrong rythm
Wrong rythm
Wrong rythm
Wrong rythm
Wrong rythm
Wrong rythm
Wrong rythm
Wrong rythm
Wrong rythm
Wrong rythm
Wrong rythm
Wrong rythm
Wrong rythm
Wrong rythm
Wrong rythm
Wrong rythm
Wrong rythm
Wrong rythm
Wrong rythm
Wrong rythm
Wrong rythm
Wrong rythm
Wrong rythm
Wrong tempo
Wrong rythm
Wrong rythm
Wrong rythm
Wrong rythm
Wrong rythm
Wrong rythm
Wrong rythm
Wrong rythm
Wrong rythm
Wrong rythm
Wrong rythm
Wrong rythm
Application End
Application Start
Wrong rythm
Application End
Application Start
Wrong rythm
Wrong tempo
Wrong rythm
Wrong rythm
Wrong rythm
Wrong rythm
Wrong rythm
Wrong rythm
Wrong rythm
Wrong rythm
Wrong rythm
Wrong rythm
Wrong rythm
Wrong rythm
Wrong tempo
Wrong rythm
Wrong rythm
Wrong rythm
Wrong rythm
Wrong rythm
Wrong rythm
Wrong rythm
Wrong rythm
Wrong rythm
Wrong rythm
Wrong rythm
Wrong rythm
Wrong rythm
Wrong rythm
Wrong rythm
Wrong rythm
Wrong rythm
Wrong rythm
Wrong tempo
Wrong rythm
Wrong rythm
Wrong rythm
Wrong rythm
Wrong rythm
Wrong tempo
Wrong rythm
Wrong rythm
Wrong rythm
Wrong rythm
Wrong rythm
Wrong rythm
Wrong rythm
Wrong rythm
Wrong rythm
Wrong tempo
Wrong rythm
Wrong rythm
Wrong rythm
Wrong rythm
Wrong rythm
Wrong rythm
Wrong rythm
Wrong rythm
Wrong rythm
Wrong rythm
Wrong tempo
Wrong rythm
Wrong rythm
Wrong rythm
Wrong rythm
Wrong tempo
Wrong rythm
Wrong rythm
Wrong rythm
Wrong rythm
Wrong tempo
Wrong rythm
Wrong rythm
Wrong rythm
Wrong rythm
Wrong tempo
Wrong rythm
Wrong rythm
Wrong rythm
Wrong rythm
Wrong rythm
Wrong rythm
Wrong rythm
Wrong tempo
Wrong rythm
Wrong rythm
Wrong rythm
Wrong rythm
Wrong rythm
Wrong rythm
Wrong tempo
Wrong rythm
Wrong rythm
Wrong rythm
Wrong rythm
Wrong tempo
Wrong rythm
Wrong rythm
Wrong rythm
Wrong rythm
Wrong rythm
Wrong rythm
Wrong rythm
Wrong rythm
Wrong rythm
Wrong rythm
Wrong rythm
Wrong rythm
Wrong rythm
Wrong rythm
Wrong rythm
Wrong rythm
Wrong rythm
Wrong tempo
Wrong rythm
Wrong rythm
Wrong rythm
Wrong rythm
Wrong rythm
Wrong rythm
Wrong rythm
Wrong rythm
Wrong rythm
Wrong rythm
Wrong rythm
Wrong rythm
Wrong rythm
Wrong rythm
Wrong rythm
Wrong rythm
Wrong tempo
Wrong rythm
Wrong rythm
Wrong rythm
Wrong rythm
Wrong rythm
Wrong rythm
Wrong rythm
Wrong rythm
Wrong rythm
Wrong rythm
Wrong rythm
Wrong rythm
Wrong rythm
Wrong rythm
Wrong rythm
Wrong rythm
Wrong rythm
Wrong rythm
Wrong rythm
Wrong rythm
Wrong tempo
Wrong rythm
Wrong rythm
Wrong rythm
Wrong rythm
Wrong rythm
Wrong rythm
Wrong rythm
Wrong rythm
Wrong rythm
Wrong rythm
Wrong rythm
Wrong tempo
Wrong rythm
Wrong rythm
Wrong rythm
Wrong rythm
Wrong rythm
Wrong rythm
Wrong rythm
Wrong rythm
Wrong rythm
Wrong rythm
Wrong rythm
Wrong rythm
Wrong rythm
Wrong rythm
Wrong rythm
Wrong rythm
Wrong rythm
Wrong rythm
Wrong rythm
Wrong rythm
Wrong rythm
Wrong rythm
Wrong rythm
Wrong rythm
Wrong rythm
Wrong rythm
Wrong rythm
Wrong rythm
Wrong rythm
Wrong rythm
Wrong rythm
Wrong rythm
Wrong rythm
Wrong rythm
Wrong rythm
Wrong rythm
Wrong rythm
Wrong rythm
Wrong rythm
Wrong rythm
Wrong rythm
Wrong rythm
Wrong rythm
Wrong rythm
Wrong tempo
Wrong rythm
Wrong rythm
Wrong rythm
Wrong rythm
Wrong rythm
Wrong rythm
Wrong rythm
Wrong rythm
Wrong rythm
Wrong rythm
Wrong rythm
Wrong rythm
Wrong rythm
Wrong rythm
Wrong rythm
Wrong rythm
Wrong rythm
Wrong rythm
Wrong rythm
Wrong rythm
Wrong rythm
Wrong rythm
Wrong rythm
Wrong rythm
Wrong rythm
Wrong rythm
Wrong rythm
Wrong rythm
Wrong tempo
Wrong rythm
Wrong rythm
Wrong rythm
Wrong rythm
Wrong rythm
Wrong rythm
Wrong rythm
Wrong rythm
Wrong rythm
Wrong rythm
Wrong rythm
Wrong rythm
Wrong rythm
Wrong rythm
Wrong rythm
Wrong rythm
Wrong rythm
Wrong rythm
Wrong rythm
Wrong rythm
Wrong rythm
Wrong rythm
Wrong rythm
Wrong rythm
Wrong rythm
Wrong tempo
Wrong rythm
Wrong rythm
Wrong rythm
Wrong rythm
Wrong rythm
Wrong rythm
Wrong rythm
Wrong rythm
Wrong rythm
Wrong rythm
Wrong rythm
Wrong rythm
Wrong rythm
Wrong rythm
Wrong rythm
Wrong rythm
Wrong rythm
Wrong tempo
Wrong rythm
Wrong rythm
Wrong rythm
Wrong rythm
Wrong rythm
Wrong rythm
Wrong rythm
Wrong rythm
Wrong rythm
Wrong rythm
Wrong rythm
Wrong rythm
Wrong rythm
Wrong rythm
Wrong rythm
Wrong rythm
Wrong rythm
Wrong rythm
Wrong rythm
Wrong rythm
Wrong rythm
Wrong rythm
Wrong rythm
Wrong rythm
Wrong rythm
Wrong rythm
Wrong rythm
Wrong rythm
Wrong rythm
Wrong rythm
Wrong rythm
Wrong rythm
Wrong rythm
Wrong rythm
Wrong rythm
Wrong rythm
Wrong rythm
Wrong rythm
Wrong rythm
Wrong rythm
Wrong rythm
Wrong rythm
Wrong rythm
Wrong rythm
Wrong rythm
Wrong rythm
Wrong rythm
Wrong rythm
Wrong rythm
Wrong rythm
Wrong rythm
Wrong rythm
Wrong rythm
Wrong rythm
Wrong rythm
Wrong rythm
Wrong rythm
Wrong rythm
Wrong rythm
Wrong rythm
Wrong rythm
Wrong tempo
Wrong rythm
Wrong rythm
Wrong rythm
Wrong rythm
Wrong rythm
Wrong rythm
Wrong rythm
Wrong rythm
Wrong rythm
Wrong rythm
Wrong rythm
Wrong rythm
Wrong rythm
Wrong rythm
Wrong rythm
Wrong rythm
Wrong rythm
Wrong rythm
Wrong rythm
Wrong rythm
Wrong tempo
Wrong rythm
Wrong rythm
Wrong rythm
Wrong rythm
Wrong rythm
Wrong rythm
Wrong rythm
Wrong rythm
Wrong rythm
Wrong rythm
Wrong rythm
Wrong rythm
Wrong rythm
Wrong rythm
Wrong rythm
Wrong rythm
Wrong rythm
Wrong rythm
Wrong rythm
Wrong rythm
Wrong rythm
Wrong rythm
Wrong rythm
Wrong rythm
Wrong rythm
Wrong rythm
Wrong rythm
Wrong rythm
Wrong rythm
Wrong tempo
Wrong rythm
Wrong rythm
Wrong rythm
Wrong rythm
Wrong rythm
Wrong rythm
Wrong rythm
Wrong rythm
Wrong rythm
Wrong rythm
Wrong tempo
Wrong rythm
Wrong rythm
Wrong rythm
Wrong rythm
Wrong rythm
Wrong rythm
Wrong rythm
Wrong rythm
Wrong tempo
Wrong rythm
Wrong rythm
Wrong rythm
Wrong rythm
Wrong rythm
Wrong rythm
Wrong rythm
Wrong rythm
Wrong rythm
Wrong rythm
Wrong rythm
Wrong rythm
Wrong rythm
Wrong rythm
Wrong rythm
Wrong rythm
Wrong rythm
Wrong rythm
Application End
Application Start
Wrong rythm
Wrong rythm
Wrong rythm
Wrong rythm
Wrong rythm
Wrong rythm
Wrong rythm
Wrong rythm
Wrong rythm
Wrong rythm
Wrong rythm
Wrong rythm
Wrong rythm
Wrong rythm
Wrong rythm
Wrong rythm
Wrong rythm
Wrong rythm
Wrong rythm
Wrong rythm
Wrong rythm
Wrong rythm
Wrong rythm
Wrong rythm
Wrong rythm
Wrong rythm
Wrong rythm
Wrong rythm
Wrong rythm
Wrong rythm
Wrong rythm
Wrong rythm
Wrong rythm
Wrong rythm
Wrong tempo
Wrong rythm
Wrong rythm
Wrong rythm
Wrong tempo
Wrong rythm
Wrong rythm
Wrong rythm
Wrong rythm
Wrong rythm
Wrong rythm
Wrong rythm
Wrong tempo
Wrong rythm
Wrong rythm
Application End
Application Start
Wrong rythm
Wrong rythm
Wrong rythm
Wrong rythm
Wrong rythm
Wrong rythm
Application Start
Wrong rythm
Wrong rythm
Wrong rythm
Wrong rythm
Wrong rythm
Wrong rythm
Wrong rythm
Wrong rythm
Wrong rythm
Wrong rythm
Wrong rythm
Wrong rythm
Wrong rythm
Wrong rythm
Wrong rythm
Wrong rythm
Wrong rythm
Wrong rythm
Wrong rythm
Wrong rythm
Wrong rythm
Wrong rythm
Wrong rythm
Wrong rythm
Wrong rythm
Wrong rythm
Wrong rythm
Wrong rythm
Wrong rythm
Wrong rythm
Wrong rythm
Wrong tempo
Wrong rythm
Wrong rythm
Wrong rythm
Wrong rythm
Wrong rythm
Wrong rythm
Wrong rythm
Wrong rythm
Wrong rythm
Wrong rythm
Wrong rythm
Wrong rythm
Wrong rythm
Wrong rythm
Wrong rythm
Wrong rythm
Application End
Application Start
Application End
Application Start
Wrong rythm
Wrong rythm
Wrong rythm
Wrong rythm
Wrong rythm
Wrong rythm
Wrong rythm
Wrong rythm
Wrong rythm
Wrong rythm
Wrong rythm
Wrong rythm
Wrong rythm
Wrong rythm
Wrong rythm
Wrong rythm
Wrong rythm
Wrong rythm
Wrong rythm
Wrong rythm
Wrong rythm
Wrong rythm
Wrong rythm
Wrong rythm
Wrong rythm
Wrong rythm
Wrong rythm
Wrong rythm
Wrong rythm
Application End
Application Start
Wrong rythm
Wrong rythm
Wrong rythm
Wrong rythm
Application End
Application Start
Application End
Application Start
Wrong rythm
Wrong rythm
Wrong rythm
Wrong rythm
Wrong rythm
Wrong rythm
Wrong rythm
Wrong rythm
Wrong rythm
Wrong rythm
Wrong rythm
Wrong rythm
Wrong rythm
Wrong rythm
Wrong tempo
Wrong rythm
Wrong rythm
Wrong rythm
Wrong rythm
Wrong rythm
Wrong rythm
Wrong rythm
Wrong rythm
Wrong rythm
Wrong tempo
Wrong rythm
Wrong rythm
Wrong rythm
Wrong rythm
Wrong rythm
Wrong rythm
Wrong rythm
Wrong rythm
Wrong tempo
Wrong rythm
Wrong rythm
Application End
Application Start
Wrong tempo
Wrong rythm
Wrong rythm
Wrong rythm
Wrong rythm
Wrong rythm
Wrong rythm
Wrong tempo
Wrong rythm
Wrong rythm
Wrong rythm
Wrong rythm
Wrong rythm
Application Start
Application End
Application Start
Application End
Application Start
Application End
Application Start
Wrong tempo
Wrong rythm
Wrong rythm
Wrong rythm
Wrong rythm
Wrong rythm
Wrong rythm
Wrong rythm
Wrong rythm
Wrong rythm
Wrong rythm
Wrong rythm
Wrong rythm
Wrong rythm
Wrong rythm
Wrong rythm
Wrong rythm
Wrong rythm
Wrong rythm
Wrong rythm
Wrong rythm
Wrong rythm
Wrong rythm
Wrong rythm
Wrong rythm
Wrong rythm
Wrong rythm
Wrong rythm
Wrong rythm
Wrong rythm
Wrong rythm
Wrong rythm
Wrong rythm
Wrong rythm
Wrong rythm
Wrong rythm
Wrong rythm
Wrong rythm
Wrong tempo
Wrong rythm
Wrong rythm
Wrong rythm
Application Start
Application End
Application Start
Application End
Application Start
Wrong rythm
Application End
Application Start
Wrong rythm
Application End
Application Start
Wrong rythm
Wrong rythm
Wrong tempo
Wrong rythm
Wrong tempo
Wrong rythm
Wrong rythm
Wrong rythm
Wrong rythm
Wrong rythm
Wrong rythm
Wrong tempo
Wrong rythm
Wrong rythm
Wrong rythm
Wrong rythm
Wrong rythm
Wrong rythm
Wrong rythm
Wrong rythm
Wrong rythm
Wrong rythm
Wrong rythm
Wrong rythm
Wrong tempo
Wrong rythm
Wrong rythm
Wrong rythm
Wrong rythm
Wrong rythm
Wrong rythm
Wrong rythm
Wrong rythm
Wrong rythm
Wrong rythm
Wrong tempo
Wrong rythm
Wrong rythm
Wrong rythm
Wrong rythm
Wrong rythm
Wrong rythm
Wrong rythm
Wrong rythm
Wrong rythm
Wrong rythm
Wrong rythm
Wrong rythm
Wrong rythm
Wrong rythm
Wrong rythm
Wrong rythm
Wrong rythm
Wrong rythm
Wrong rythm
Wrong tempo
Wrong rythm
Wrong rythm
Wrong tempo
Wrong rythm
Wrong rythm
Wrong rythm
Wrong rythm
Wrong rythm
Wrong rythm
Wrong rythm
Wrong rythm
Wrong rythm
Wrong rythm
Wrong rythm
Wrong rythm
Wrong rythm
Wrong rythm
Wrong rythm
Wrong rythm
Wrong rythm
Wrong rythm
Wrong rythm
Wrong rythm
Wrong rythm
Wrong rythm
Wrong rythm
Wrong rythm
Wrong rythm
Wrong rythm
Wrong rythm
Wrong rythm
Wrong rythm
Wrong rythm
Wrong rythm
Wrong rythm
Wrong rythm
Wrong rythm
Wrong rythm
Wrong rythm
Wrong rythm
Wrong rythm
Wrong rythm
Wrong rythm
Wrong tempo
Wrong rythm
Wrong rythm
Wrong rythm
Wrong rythm
Wrong rythm
Wrong rythm
Wrong rythm
Wrong rythm
Wrong rythm
Wrong rythm
Wrong rythm
Wrong rythm
Wrong rythm
Wrong rythm
Wrong rythm
Wrong rythm
Wrong rythm
Wrong rythm
Wrong tempo
Wrong rythm
Wrong rythm
Wrong rythm
Wrong rythm
Wrong rythm
Wrong rythm
Wrong rythm
Wrong rythm
Wrong rythm
Wrong rythm
Wrong rythm
Wrong rythm
Wrong rythm
Wrong rythm
Wrong rythm
Wrong rythm
Wrong rythm
Wrong rythm
Wrong rythm
Wrong tempo
Wrong rythm
Wrong rythm
Wrong rythm
Wrong rythm
Wrong tempo
Wrong rythm
Wrong rythm
Wrong rythm
Wrong rythm
Wrong rythm
Wrong rythm
Wrong tempo
Wrong rythm
Wrong rythm
Wrong rythm
Wrong rythm
Wrong rythm
Wrong rythm
Wrong rythm
Wrong rythm
Wrong rythm
Wrong rythm
Wrong rythm
Wrong rythm
Wrong rythm
Wrong rythm
Wrong rythm
Wrong rythm
Wrong rythm
Wrong tempo
Wrong rythm
Wrong rythm
Wrong rythm
Wrong rythm
Wrong rythm
Wrong rythm
Wrong rythm
Wrong rythm
Wrong rythm
Wrong rythm
Wrong rythm
Wrong rythm
Wrong rythm
Wrong rythm
Wrong rythm
Wrong rythm
Wrong rythm
Wrong rythm
Wrong rythm
Wrong rythm
Wrong rythm
Wrong rythm
Wrong rythm
Wrong rythm
Wrong rythm
Wrong tempo
Wrong rythm
Wrong tempo
Wrong rythm
Wrong rythm
Wrong rythm
Wrong rythm
Wrong rythm
Wrong rythm
Wrong rythm
Wrong rythm
Wrong rythm
Wrong tempo
Wrong rythm
Wrong rythm
Wrong rythm
Wrong rythm
Wrong rythm
Wrong rythm
Wrong rythm
Wrong rythm
Wrong rythm
Wrong rythm
Wrong rythm
Wrong rythm
Wrong rythm
Wrong rythm
Wrong rythm
Wrong rythm
Wrong rythm
Wrong rythm
Wrong rythm
Wrong rythm
Wrong rythm
Wrong rythm
Wrong rythm
Wrong rythm
Wrong rythm
Wrong rythm
Wrong rythm
Wrong rythm
Wrong rythm
Wrong rythm
Wrong rythm
Wrong rythm
Wrong rythm
Wrong rythm
Wrong rythm
Wrong rythm
Wrong rythm
Wrong rythm
Wrong rythm
Wrong rythm
Wrong rythm
Wrong rythm
Wrong tempo
Wrong rythm
Wrong rythm
Wrong tempo
Wrong rythm
Wrong rythm
Wrong rythm
Wrong rythm
Wrong rythm
Wrong rythm
Wrong rythm
Wrong rythm
Wrong rythm
Wrong rythm
Wrong rythm
Wrong rythm
Wrong rythm
Wrong rythm
Wrong rythm
Wrong rythm
Wrong rythm
Wrong rythm
Wrong rythm
Wrong rythm
Wrong rythm
Wrong rythm
Wrong rythm
Wrong rythm
Wrong rythm
Wrong tempo
Wrong rythm
Wrong rythm
Wrong rythm
Wrong rythm
Wrong rythm
Wrong rythm
Wrong rythm
Wrong rythm
Wrong rythm
Wrong rythm
Wrong rythm
Wrong rythm
Wrong rythm
Wrong rythm
Wrong tempo
Wrong rythm
Wrong rythm
Wrong rythm
Wrong rythm
Wrong rythm
Wrong rythm
Wrong rythm
Wrong rythm
Wrong rythm
Wrong rythm
Wrong rythm
Wrong rythm
Wrong rythm
Wrong rythm
Wrong rythm
Wrong rythm
Wrong rythm
Wrong rythm
Wrong rythm
Wrong rythm
Wrong rythm
Wrong rythm
Wrong tempo
Wrong rythm
Wrong rythm
Wrong rythm
Wrong rythm
Wrong rythm
Wrong rythm
Wrong rythm
Wrong rythm
Wrong rythm
Wrong rythm
Wrong rythm
Wrong rythm
Wrong rythm
Wrong rythm
Wrong rythm
Wrong rythm
Wrong rythm
Wrong rythm
Wrong rythm
Wrong rythm
Wrong rythm
Wrong rythm
Wrong rythm
Wrong rythm
Wrong rythm
Wrong rythm
Wrong tempo
Wrong rythm
Wrong tempo
Wrong rythm
Wrong rythm
Wrong rythm
Wrong rythm
Wrong rythm
Wrong rythm
Wrong rythm
Wrong rythm
Wrong rythm
Wrong rythm
Wrong rythm
Wrong rythm
Wrong rythm
Wrong rythm
Wrong rythm
Wrong rythm
Wrong rythm
Wrong rythm
Wrong rythm
Wrong rythm
Wrong rythm
Wrong rythm
Wrong rythm
Wrong rythm
Wrong rythm
Wrong rythm
Wrong rythm
Wrong rythm
Wrong rythm
Wrong rythm
Wrong rythm
Wrong rythm
Wrong rythm
Wrong tempo
Wrong rythm
Wrong rythm
Wrong tempo
Wrong rythm
Wrong rythm
Wrong rythm
Wrong rythm
Wrong rythm
Wrong rythm
Wrong rythm
Wrong rythm
Wrong rythm
Wrong rythm
Wrong rythm
Wrong rythm
Wrong rythm
Wrong rythm
Wrong rythm
Wrong rythm
Wrong rythm
Wrong rythm
Wrong rythm
Wrong rythm
Wrong rythm
Application End
Application Start
Wrong rythm
Wrong rythm
Wrong rythm
Wrong rythm
Wrong rythm
Wrong rythm
Wrong rythm
Wrong rythm
Wrong rythm
Application End
Application Start
Wrong rythm
Wrong rythm
Wrong rythm
Wrong rythm
Wrong rythm
Wrong rythm
Wrong rythm
Wrong rythm
Wrong rythm
Wrong rythm
Wrong rythm
Wrong rythm
Wrong rythm
Wrong rythm
Wrong rythm
Application Start
Wrong rythm
Wrong rythm
Wrong tempo
Application End
Application Start
Wrong rythm
Wrong rythm
Wrong rythm
Wrong rythm
Wrong rythm
Wrong rythm
Wrong rythm
Wrong rythm
Wrong rythm
Wrong rythm
Wrong rythm
Wrong rythm
Wrong rythm
Wrong rythm
Wrong rythm
Wrong rythm
Wrong rythm
Wrong rythm
Wrong rythm
Wrong rythm
Wrong rythm
Wrong rythm
Wrong rythm
Wrong rythm
Wrong rythm
Wrong rythm
Wrong rythm
Wrong rythm
Wrong rythm
Wrong rythm
Wrong rythm
Wrong rythm
Application Start
Wrong rythm
Wrong rythm
Wrong rythm
Wrong rythm
Wrong rythm
Wrong rythm
Wrong rythm
Wrong rythm
Wrong rythm
Application Start
Application End
Application Start
Wrong rythm
Application Start
Wrong rythm
Wrong rythm
Wrong rythm
Wrong rythm
Wrong rythm
Wrong rythm
Wrong rythm
Wrong rythm
Wrong rythm
Wrong rythm
Wrong rythm
Wrong rythm
Wrong rythm
Wrong rythm
Wrong rythm
Wrong rythm
Wrong rythm
Wrong rythm
Wrong rythm
Wrong rythm
Wrong rythm
Wrong rythm
Wrong rythm
Wrong rythm
Wrong rythm
Wrong rythm
Wrong rythm
Wrong rythm
Wrong rythm
Wrong rythm
Wrong rythm
Wrong rythm
Wrong rythm
Wrong rythm
Wrong rythm
Wrong rythm
Application Start
Application End
Application Start
Wrong rythm
Wrong rythm
Wrong rythm
Wrong rythm
Wrong rythm
Wrong rythm
Wrong rythm
Wrong rythm
Wrong rythm
Wrong rythm
Wrong rythm
Wrong rythm
Wrong rythm
Wrong rythm
Wrong rythm
Wrong rythm
Wrong rythm
Wrong rythm
Wrong rythm
Application Start
Wrong rythm
Wrong rythm
Wrong rythm
Wrong rythm
Wrong rythm
Wrong rythm
Wrong rythm
Wrong rythm
Application Start
Wrong rythm
Wrong rythm
Wrong rythm
Wrong rythm
Wrong rythm
Wrong rythm
Wrong rythm
Wrong rythm
Wrong rythm
Wrong rythm
Wrong rythm
Wrong rythm
Application End
Application Start
Wrong tempo
Wrong rythm
Wrong rythm
Wrong rythm
Wrong rythm
Wrong rythm
Wrong rythm
Wrong rythm
Wrong rythm
Wrong rythm
Wrong tempo
Wrong rythm
Application Start
Wrong rythm
Wrong rythm
Wrong rythm
Wrong rythm
Wrong rythm
Wrong rythm
Wrong rythm
Wrong rythm
Wrong rythm
Wrong rythm
Wrong tempo
Wrong rythm
Wrong rythm
Wrong rythm
Wrong rythm
Wrong rythm
Wrong rythm
Wrong rythm
Application Start
Wrong rythm
Wrong rythm
Wrong rythm
Wrong rythm
Wrong rythm
Application Start
Wrong rythm
Wrong tempo
Wrong rythm
Application Start
Application Start
Application Start
Application Start
Wrong rythm
Wrong rythm
Wrong rythm
Wrong rythm
Wrong rythm
Wrong rythm
Wrong rythm
Wrong rythm
Wrong rythm
Application Start
Wrong tempo
Application End
Application Start
Wrong tempo
Wrong tempo
Wrong rythm
Wrong rythm
Wrong tempo
Wrong rythm
Wrong tempo
Wrong tempo
Wrong tempo
Wrong tempo
Wrong rythm
Wrong rythm
Wrong rythm
Wrong rythm
Wrong rythm
Wrong rythm
Wrong rythm
Wrong rythm
Wrong rythm
Wrong tempo
Wrong rythm
Wrong rythm
Wrong rythm
Wrong rythm
Wrong tempo
Wrong rythm
Wrong rythm
Wrong rythm
Wrong rythm
Wrong rythm
Wrong tempo
Wrong rythm
Wrong rythm
Wrong rythm
Wrong rythm
Wrong tempo
Wrong rythm
Wrong rythm
Wrong rythm
Wrong rythm
Wrong tempo
Wrong tempo
Wrong rythm
Wrong rythm
Wrong rythm
Wrong rythm
Wrong rythm
Wrong rythm
Wrong rythm
Wrong rythm
Wrong rythm
Wrong rythm
Wrong rythm
Wrong rythm
Wrong rythm
Wrong rythm
Wrong rythm
Wrong rythm
Wrong rythm
Wrong rythm
Wrong rythm
Wrong rythm
Wrong tempo
Wrong rythm
Wrong rythm
Wrong rythm
Wrong rythm
Wrong tempo
Wrong rythm
Wrong rythm
Wrong rythm
Wrong rythm
Wrong rythm
Wrong tempo
Wrong rythm
Wrong rythm
Wrong rythm
Wrong rythm
Wrong rythm
Wrong rythm
Application End
Application Start
Wrong rythm
Wrong tempo
Wrong rythm
Wrong rythm
Wrong rythm
Wrong rythm
Wrong rythm
Wrong tempo
Wrong rythm
Wrong rythm
Wrong rythm
Wrong rythm
Wrong rythm
Wrong tempo
Wrong tempo
Wrong rythm
Wrong rythm
Wrong rythm
Wrong rythm
Wrong rythm
Wrong rythm
Wrong rythm
Wrong rythm
Wrong rythm
Wrong rythm
Wrong rythm
Wrong rythm
Wrong rythm
Wrong rythm
Wrong rythm
Wrong rythm
Wrong rythm
Wrong rythm
Wrong rythm
Wrong tempo
Wrong tempo
Wrong rythm
Wrong tempo
Wrong rythm
Wrong rythm
Wrong rythm
Wrong tempo
Wrong rythm
Wrong rythm
Wrong rythm
Wrong rythm
Wrong rythm
Wrong rythm
Wrong rythm
Wrong rythm
Wrong rythm
Wrong rythm
Wrong rythm
Wrong rythm
Wrong rythm
Wrong rythm
Wrong rythm
Wrong rythm
Wrong rythm
Wrong rythm
Wrong rythm
Wrong rythm
Wrong rythm
Wrong rythm
Wrong rythm
Wrong rythm
Wrong rythm
Wrong rythm
Wrong rythm
Wrong rythm
Wrong rythm
Wrong rythm
Wrong rythm
Wrong rythm
Wrong rythm
Wrong rythm
Wrong rythm
Wrong rythm
Wrong rythm
Wrong rythm
Wrong rythm
Wrong rythm
Wrong rythm
Wrong rythm
Wrong tempo
Wrong rythm
Wrong rythm
Wrong tempo
Wrong rythm
Wrong rythm
Wrong rythm
Wrong rythm
Wrong rythm
Wrong rythm
Wrong tempo
Wrong tempo
Wrong rythm
Wrong rythm
Wrong rythm
Wrong rythm
Wrong tempo
Wrong rythm
Wrong rythm
Wrong rythm
Wrong rythm
Wrong rythm
Wrong rythm
Wrong rythm
Wrong tempo
Wrong tempo
Wrong tempo
Wrong rythm
Wrong rythm
Wrong rythm
Wrong rythm
Wrong rythm
Wrong tempo
Wrong tempo
Wrong rythm
Wrong tempo
Wrong rythm
Wrong rythm
Wrong tempo
Wrong tempo
Wrong rythm
Wrong rythm
Wrong tempo
Wrong tempo
Wrong rythm
Wrong rythm
Wrong rythm
Wrong rythm
Wrong rythm
Wrong rythm
Wrong rythm
Wrong rythm
Wrong rythm
Wrong tempo
Application End
Application Start
Wrong tempo
Wrong rythm
Wrong rythm
Wrong rythm
Wrong rythm
Wrong rythm
Wrong rythm
Wrong rythm
Wrong rythm
Wrong tempo
Wrong tempo
Wrong rythm
Wrong rythm
Wrong rythm
Wrong rythm
Wrong rythm
Wrong rythm
Wrong rythm
Wrong rythm
Wrong rythm
Wrong rythm
Wrong rythm
Wrong rythm
Wrong rythm
Wrong rythm
Wrong rythm
Wrong rythm
Wrong rythm
Wrong rythm
Wrong rythm
Wrong rythm
Wrong rythm
Wrong rythm
Wrong rythm
Wrong rythm
Wrong rythm
Wrong rythm
Wrong rythm
Wrong rythm
Wrong rythm
Wrong rythm
Wrong rythm
Wrong rythm
Wrong tempo
Wrong rythm
Wrong rythm
Wrong tempo
Wrong rythm
Wrong rythm
Wrong rythm
Wrong rythm
Wrong rythm
Wrong rythm
Wrong rythm
Wrong rythm
Wrong rythm
Wrong rythm
Wrong rythm
Wrong rythm
Wrong rythm
Wrong rythm
Wrong rythm
Wrong rythm
Wrong rythm
Wrong rythm
Wrong rythm
Wrong rythm
Wrong rythm
Wrong rythm
Wrong rythm
Wrong rythm
Wrong rythm
Wrong rythm
Wrong rythm
Wrong rythm
Wrong rythm
Wrong rythm
Wrong rythm
Wrong rythm
Wrong rythm
Wrong rythm
Wrong rythm
Wrong rythm
Wrong rythm
Wrong rythm
Wrong rythm
Wrong rythm
Wrong rythm
Application End
Application Start
Wrong tempo
Wrong tempo
Wrong rythm
Wrong rythm
Wrong rythm
Wrong rythm
Wrong rythm
Wrong rythm
Wrong rythm
Wrong rythm
Wrong rythm
Wrong tempo
Wrong rythm
Wrong rythm
Wrong tempo
Wrong rythm
Wrong rythm
Wrong rythm
Wrong rythm
Wrong rythm
Wrong tempo
Wrong rythm
Wrong rythm
Wrong rythm
Wrong rythm
Wrong rythm
Wrong rythm
Wrong rythm
Wrong rythm
Wrong rythm
Wrong rythm
Wrong rythm
Wrong rythm
Wrong rythm
Wrong rythm
Wrong rythm
Wrong rythm
Wrong rythm
Wrong rythm
Wrong rythm
Wrong rythm
Wrong rythm
Wrong rythm
Wrong rythm
Wrong rythm
Wrong tempo
Wrong rythm
Wrong rythm
Wrong rythm
Wrong rythm
Wrong rythm
Wrong tempo
Wrong rythm
Wrong rythm
Wrong tempo
Wrong rythm
Wrong rythm
Wrong rythm
Wrong rythm
Wrong rythm
Wrong rythm
Wrong rythm
Wrong rythm
Wrong rythm
Wrong rythm
Wrong rythm
Wrong rythm
Wrong rythm
Wrong rythm
Wrong rythm
Wrong rythm
Wrong rythm
Wrong rythm
Wrong rythm
Wrong rythm
Wrong rythm
Wrong rythm
Wrong rythm
Wrong rythm
Wrong rythm
Wrong rythm
Wrong rythm
Wrong rythm
Wrong rythm
Wrong rythm
Wrong rythm
Wrong rythm
Wrong rythm
Wrong rythm
Wrong rythm
Wrong rythm
Wrong rythm
Wrong rythm
Wrong tempo
Wrong rythm
Wrong tempo
Wrong rythm
Wrong rythm
Wrong rythm
Wrong rythm
Wrong rythm
Wrong rythm
Wrong rythm
Wrong rythm
Wrong rythm
Wrong rythm
Wrong rythm
Wrong rythm
Wrong rythm
Wrong rythm
Wrong rythm
Wrong rythm
Wrong rythm
Wrong tempo
Wrong rythm
Wrong rythm
Wrong rythm
Wrong rythm
Wrong rythm
Wrong tempo
Wrong rythm
Wrong rythm
Wrong rythm
Wrong rythm
Wrong tempo
Wrong tempo
Wrong rythm
Wrong rythm
Wrong rythm
Wrong rythm
Wrong rythm
Wrong tempo
Wrong rythm
Wrong rythm
Wrong rythm
Wrong rythm
Wrong tempo
Wrong rythm
Wrong rythm
Wrong rythm
Wrong rythm
Wrong tempo
Wrong rythm
Wrong rythm
Wrong rythm
Wrong rythm
Wrong rythm
Wrong rythm
Wrong rythm
Wrong rythm
Wrong rythm
Wrong rythm
Wrong rythm
Wrong rythm
Wrong rythm
Wrong rythm
Wrong rythm
Wrong rythm
Wrong rythm
Wrong rythm
Wrong rythm
Wrong rythm
Wrong rythm
Wrong rythm
Wrong rythm
Wrong rythm
Wrong rythm
Wrong rythm
Wrong rythm
Wrong rythm
Wrong rythm
Wrong rythm
Wrong rythm
Wrong tempo
Wrong tempo
Application End
Application Start
Wrong tempo
Application End
Application Start
Wrong tempo
Wrong rythm
Wrong rythm
Wrong rythm
Wrong rythm
Wrong rythm
Wrong rythm
Wrong rythm
Wrong rythm
Wrong rythm
Wrong rythm
Wrong rythm
Wrong tempo
Wrong rythm
Wrong rythm
Wrong rythm
Wrong rythm
Wrong rythm
Wrong rythm
Application End
Application Start
Wrong tempo
Wrong rythm
Wrong rythm
Wrong rythm
Wrong tempo
Wrong tempo
Wrong rythm
Wrong rythm
Wrong rythm
Wrong rythm
Wrong rythm
Wrong rythm
Wrong rythm
Wrong rythm
Wrong rythm
Wrong tempo
Wrong rythm
Wrong rythm
Wrong rythm
Wrong rythm
Wrong rythm
Wrong rythm
Wrong rythm
Wrong rythm
Wrong rythm
Wrong rythm
Wrong rythm
Wrong rythm
Wrong rythm
Wrong rythm
Wrong rythm
Wrong rythm
Wrong rythm
Wrong rythm
Wrong rythm
Wrong rythm
Wrong rythm
Wrong tempo
Wrong rythm
Wrong tempo
Wrong tempo
Wrong rythm
Wrong rythm
Wrong rythm
Wrong rythm
Wrong rythm
Wrong rythm
Wrong rythm
Wrong rythm
Wrong tempo
Wrong rythm
Wrong rythm
Wrong rythm
Wrong rythm
Wrong rythm
Wrong rythm
Wrong rythm
Wrong rythm
Wrong rythm
Wrong rythm
Wrong rythm
Wrong tempo
Wrong rythm
Wrong tempo
Wrong tempo
Wrong rythm
Wrong rythm
Wrong rythm
Wrong rythm
Wrong rythm
Wrong rythm
Wrong rythm
Wrong rythm
Wrong rythm
Wrong rythm
Wrong rythm
Wrong rythm
Wrong rythm
Wrong rythm
Wrong rythm
Wrong rythm
Wrong rythm
Wrong rythm
Wrong rythm
Wrong rythm
Wrong rythm
Wrong rythm
Wrong rythm
Wrong rythm
Wrong rythm
Wrong rythm
Wrong rythm
Wrong rythm
Wrong rythm
Wrong rythm
Wrong rythm
Wrong rythm
Wrong rythm
Wrong rythm
Wrong rythm
Wrong rythm
Wrong rythm
Wrong rythm
Wrong rythm
Wrong rythm
Wrong rythm
Wrong rythm
Wrong rythm
Wrong rythm
Wrong rythm
Wrong rythm
Wrong rythm
Wrong rythm
Wrong rythm
Wrong rythm
Wrong rythm
Wrong rythm
Wrong rythm
Wrong rythm
Wrong rythm
Wrong rythm
Wrong rythm
Wrong rythm
Wrong rythm
Wrong rythm
Wrong rythm
Wrong rythm
Wrong rythm
Wrong rythm
Wrong rythm
Wrong rythm
Wrong rythm
Wrong rythm
Wrong rythm
Wrong rythm
Wrong rythm
Wrong rythm
Wrong rythm
Wrong rythm
Wrong rythm
Wrong rythm
Wrong rythm
Wrong rythm
Wrong rythm
Wrong rythm
Wrong rythm
Wrong rythm
Wrong rythm
Wrong rythm
Wrong rythm
Wrong rythm
Wrong rythm
Wrong rythm
Wrong rythm
Wrong rythm
Wrong tempo
Wrong rythm
Wrong rythm
Wrong rythm
Wrong rythm
Wrong tempo
Wrong rythm
Wrong rythm
Wrong rythm
Wrong rythm
Wrong rythm
Wrong rythm
Wrong tempo
Wrong rythm
Wrong rythm
Wrong rythm
Wrong rythm
Wrong rythm
Wrong tempo
Wrong rythm
Wrong rythm
Wrong rythm
Wrong tempo
Wrong rythm
Wrong rythm
Wrong tempo
Wrong rythm
Wrong rythm
Wrong rythm
Wrong rythm
Wrong rythm
Wrong rythm
Wrong rythm
Wrong rythm
Wrong rythm
Wrong rythm
Wrong rythm
Wrong rythm
Wrong rythm
Wrong tempo
Wrong rythm
Wrong rythm
Wrong rythm
Wrong rythm
Wrong rythm
Wrong rythm
Wrong rythm
Wrong rythm
Wrong rythm
Wrong rythm
Wrong tempo
Wrong rythm
Wrong rythm
Wrong rythm
Wrong rythm
Wrong tempo
Wrong tempo
Wrong rythm
Wrong rythm
Wrong rythm
Wrong rythm
Wrong rythm
Wrong rythm
Wrong tempo
Wrong rythm
Wrong tempo
Wrong rythm
Wrong rythm
Wrong tempo
Wrong rythm
Wrong rythm
Wrong rythm
Wrong rythm
Wrong rythm
Wrong rythm
Wrong rythm
Wrong rythm
Wrong rythm
Wrong rythm
Wrong rythm
Wrong rythm
Wrong tempo
Wrong rythm
Wrong rythm
Wrong rythm
Wrong rythm
Wrong rythm
Wrong rythm
Wrong tempo
Wrong rythm
Wrong rythm
Wrong rythm
Wrong rythm
Wrong rythm
Wrong rythm
Wrong tempo
Wrong tempo
Wrong tempo
Wrong rythm
Wrong rythm
Wrong rythm
Wrong tempo
Wrong tempo
Wrong rythm
Wrong rythm
Wrong rythm
Wrong tempo
Wrong rythm
Wrong rythm
Wrong rythm
Wrong rythm
Wrong rythm
Wrong rythm
Wrong rythm
Wrong tempo
Wrong tempo
Wrong rythm
Wrong rythm
Wrong rythm
Wrong rythm
Wrong rythm
Wrong rythm
Wrong rythm
Wrong rythm
Wrong rythm
Wrong rythm
Wrong tempo
Wrong tempo
Wrong tempo
Wrong rythm
Wrong rythm
Wrong rythm
Wrong rythm
Wrong rythm
Wrong rythm
Wrong rythm
Wrong rythm
Application End
Application Start
Wrong rythm
Wrong rythm
Wrong rythm
Wrong rythm
Wrong rythm
Application End
Application Start
Wrong rythm
Wrong rythm
Wrong rythm
Wrong rythm
Application End
Application Start
Application End
Application Start
Wrong rythm
Wrong rythm
Wrong rythm
Wrong rythm
Wrong rythm
Wrong rythm
Wrong rythm
Application Start
Wrong rythm
Wrong rythm
Wrong rythm
Wrong tempo
Wrong rythm
Wrong rythm
Wrong rythm
Wrong rythm
Wrong rythm
Wrong rythm
Wrong rythm
Wrong tempo
Wrong rythm
Wrong rythm
Wrong rythm
Wrong rythm
Wrong rythm
Wrong rythm
Wrong rythm
Wrong rythm
Wrong rythm
Wrong rythm
Wrong rythm
Wrong rythm
Wrong rythm
Wrong rythm
Wrong rythm
Wrong rythm
Wrong rythm
Wrong rythm
Wrong rythm
Wrong rythm
Wrong rythm
Wrong rythm
Wrong rythm
Wrong rythm
Wrong rythm
Wrong rythm
Wrong rythm
Wrong rythm
Wrong rythm
Wrong tempo
Wrong rythm
Wrong rythm
Wrong rythm
Wrong rythm
Wrong rythm
Wrong rythm
Wrong tempo
Wrong rythm
Wrong rythm
Wrong rythm
Wrong rythm
Wrong rythm
Wrong rythm
Wrong rythm
Wrong rythm
Wrong rythm
Wrong rythm
Wrong rythm
Wrong rythm
Wrong rythm
Wrong rythm
Wrong rythm
Wrong rythm
Wrong rythm
Wrong rythm
Wrong rythm
Wrong rythm
Wrong rythm
Wrong rythm
Wrong rythm
Wrong rythm
Wrong rythm
Wrong rythm
Wrong rythm
Wrong rythm
Wrong rythm
Wrong rythm
Wrong rythm
Wrong rythm
Wrong tempo
Wrong rythm
Wrong rythm
Wrong rythm
Wrong rythm
Wrong rythm
Wrong rythm
Wrong rythm
Wrong rythm
Wrong rythm
Wrong rythm
Wrong rythm
Wrong rythm
Wrong rythm
Wrong rythm
Wrong rythm
Wrong rythm
Wrong tempo
Wrong rythm
Wrong rythm
Wrong tempo
Wrong rythm
Wrong rythm
Wrong rythm
Wrong rythm
Wrong tempo
Wrong tempo
Wrong rythm
Wrong rythm
Wrong rythm
Wrong rythm
Wrong rythm
Wrong rythm
Wrong rythm
Wrong rythm
Wrong rythm
Wrong rythm
Application End
Application Start
Application End
Application Start
Wrong rythm
Wrong rythm
Wrong rythm
Wrong rythm
Wrong rythm
Wrong rythm
Wrong rythm
Wrong rythm
Wrong rythm
Wrong rythm
Wrong rythm
Wrong rythm
Wrong rythm
Wrong rythm
Wrong rythm
Wrong rythm
Wrong rythm
Wrong rythm
Wrong rythm
Wrong rythm
Wrong rythm
Wrong rythm
Wrong rythm
Wrong tempo
Wrong rythm
Wrong rythm
Wrong rythm
Wrong rythm
Wrong rythm
Wrong rythm
Wrong rythm
Wrong rythm
Wrong rythm
Wrong rythm
Wrong rythm
Wrong rythm
Wrong rythm
Wrong rythm
Wrong rythm
Wrong rythm
Wrong rythm
Wrong rythm
Wrong rythm
Wrong rythm
Wrong rythm
Wrong rythm
Wrong rythm
Wrong rythm
Wrong rythm
Wrong rythm
Wrong rythm
Wrong tempo
Wrong rythm
Wrong rythm
Wrong rythm
Wrong rythm
Wrong rythm
Wrong tempo
Wrong rythm
Wrong rythm
Wrong rythm
Wrong tempo
Wrong rythm
Wrong rythm
Wrong rythm
Wrong rythm
Wrong tempo
Wrong rythm
Wrong rythm
Wrong rythm
Wrong rythm
Wrong rythm
Wrong rythm
Wrong rythm
Wrong rythm
Wrong rythm
Wrong rythm
Wrong rythm
Wrong rythm
Wrong rythm
Wrong rythm
Wrong rythm
Wrong rythm
Wrong rythm
Wrong rythm
Wrong rythm
Wrong rythm
Wrong rythm
Wrong rythm
Wrong rythm
Wrong rythm
Wrong rythm
Wrong rythm
Wrong rythm
Wrong rythm
Wrong rythm
Wrong rythm
Wrong rythm
Wrong rythm
Wrong rythm
Wrong tempo
Wrong rythm
Wrong tempo
Wrong rythm
Wrong rythm
Wrong rythm
Wrong tempo
Wrong rythm
Wrong rythm
Wrong rythm
Wrong rythm
Wrong rythm
Wrong rythm
Wrong rythm
Wrong rythm
Wrong rythm
Wrong rythm
Wrong rythm
Wrong rythm
Wrong rythm
Wrong rythm
Wrong rythm
Wrong rythm
Wrong rythm
Wrong rythm
Wrong rythm
Wrong rythm
Wrong rythm
Wrong rythm
Wrong rythm
Wrong tempo
Wrong rythm
Wrong rythm
Wrong rythm
Wrong rythm
Wrong rythm
Wrong rythm
Wrong rythm
Wrong rythm
Wrong rythm
Wrong rythm
Wrong rythm
Wrong rythm
Wrong rythm
Wrong rythm
Wrong rythm
Wrong rythm
Wrong rythm
Wrong rythm
Wrong rythm
Wrong rythm
Wrong rythm
Wrong rythm
Wrong rythm
Wrong rythm
Wrong rythm
Wrong rythm
Wrong rythm
Wrong rythm
Wrong rythm
Wrong rythm
Wrong rythm
Wrong rythm
Wrong rythm
Wrong rythm
Wrong rythm
Wrong rythm
Wrong rythm
Wrong rythm
Wrong rythm
Wrong rythm
Wrong rythm
Wrong rythm
Wrong rythm
Wrong rythm
Wrong rythm
Wrong rythm
Wrong rythm
Wrong rythm
Wrong tempo
Wrong rythm
Wrong rythm
Wrong rythm
Wrong rythm
Wrong rythm
Wrong rythm
Wrong rythm
Wrong rythm
Wrong rythm
Wrong tempo
Wrong rythm
Wrong rythm
Wrong rythm
Wrong rythm
Wrong rythm
Wrong rythm
Wrong rythm
Wrong rythm
Wrong rythm
Wrong rythm
Wrong rythm
Wrong rythm
Wrong rythm
Wrong rythm
Wrong rythm
Wrong rythm
Wrong rythm
Wrong tempo
Wrong rythm
Wrong rythm
Wrong rythm
Wrong rythm
Wrong rythm
Wrong rythm
Wrong rythm
Wrong rythm
Wrong tempo
Wrong rythm
Wrong tempo
Wrong tempo
Wrong rythm
Wrong rythm
Wrong rythm
Wrong rythm
Wrong rythm
Wrong rythm
Wrong rythm
Wrong rythm
Wrong rythm
Wrong rythm
Wrong rythm
Wrong rythm
Wrong rythm
Wrong rythm
Wrong rythm
Wrong rythm
Wrong rythm
Wrong rythm
Wrong rythm
Wrong rythm
Wrong rythm
Wrong rythm
Wrong rythm
Wrong rythm
Wrong rythm
Wrong rythm
Wrong rythm
Wrong rythm
Wrong rythm
Wrong rythm
Wrong rythm
Wrong rythm
Wrong rythm
Wrong rythm
Wrong rythm
Wrong rythm
Wrong rythm
Wrong rythm
Wrong rythm
Wrong rythm
Wrong rythm
Wrong rythm
Wrong rythm
Wrong rythm
Wrong rythm
Wrong rythm
Wrong rythm
Wrong rythm
Wrong rythm
Wrong rythm
Wrong rythm
Wrong rythm
Wrong rythm
Wrong rythm
Wrong rythm
Wrong rythm
Wrong rythm
Wrong rythm
Wrong rythm
Wrong rythm
Wrong rythm
Wrong rythm
Wrong rythm
Wrong rythm
Wrong tempo
Wrong rythm
Wrong rythm
Wrong rythm
Wrong rythm
Wrong tempo
Wrong rythm
Wrong rythm
Wrong rythm
Wrong rythm
Wrong rythm
Wrong rythm
Wrong rythm
Wrong rythm
Wrong rythm
Wrong rythm
Wrong rythm
Wrong rythm
Wrong rythm
Wrong rythm
Wrong rythm
Wrong rythm
Wrong rythm
Wrong rythm
Wrong rythm
Wrong rythm
Wrong rythm
Wrong rythm
Wrong tempo
Wrong rythm
Wrong rythm
Wrong rythm
Wrong rythm
Wrong rythm
Wrong rythm
Wrong rythm
Wrong rythm
Wrong rythm
Wrong rythm
Wrong rythm
Wrong rythm
Wrong rythm
Wrong rythm
Wrong rythm
Wrong rythm
Wrong rythm
Wrong rythm
Wrong rythm
Wrong rythm
Wrong rythm
Wrong rythm
Wrong rythm
Wrong rythm
Wrong rythm
Wrong rythm
Wrong rythm
Wrong rythm
Wrong rythm
Wrong rythm
Wrong rythm
Wrong rythm
Wrong rythm
Wrong rythm
Wrong rythm
Wrong rythm
Wrong rythm
Wrong rythm
Wrong rythm
Wrong rythm
Wrong rythm
Wrong rythm
Wrong rythm
Wrong rythm
Wrong rythm
Wrong rythm
Wrong rythm
Wrong rythm
Wrong rythm
Wrong rythm
Wrong rythm
Wrong rythm
Wrong rythm
Wrong rythm
Wrong rythm
Wrong rythm
Wrong rythm
Wrong rythm
Wrong rythm
Wrong rythm
Wrong rythm
Wrong rythm
Wrong rythm
Wrong rythm
Wrong rythm
Wrong rythm
Wrong rythm
Wrong rythm
Wrong rythm
Wrong rythm
Wrong rythm
Wrong rythm
Wrong rythm
Wrong rythm
Wrong rythm
Wrong rythm
Wrong rythm
Wrong rythm
Wrong rythm
Wrong rythm
Wrong rythm
Wrong rythm
Wrong rythm
Wrong rythm
Wrong rythm
Wrong rythm
Wrong rythm
Wrong rythm
Wrong rythm
Wrong rythm
Wrong rythm
Wrong rythm
Wrong rythm
Wrong rythm
Wrong rythm
Wrong rythm
Wrong rythm
Wrong rythm
Wrong rythm
Wrong rythm
Wrong rythm
Wrong rythm
Wrong rythm
Wrong rythm
Wrong rythm
Wrong rythm
Wrong rythm
Wrong rythm
Wrong rythm
Wrong rythm
Wrong rythm
Wrong rythm
Wrong rythm
Wrong rythm
Wrong rythm
Wrong rythm
Wrong rythm
Wrong rythm
Wrong rythm
Wrong rythm
Wrong rythm
Wrong rythm
Wrong rythm
Wrong rythm
Wrong rythm
Wrong rythm
Wrong rythm
Wrong rythm
Wrong rythm
Wrong rythm
Wrong rythm
Wrong rythm
Wrong rythm
Wrong rythm
Wrong rythm
Wrong rythm
Wrong rythm
Wrong rythm
Wrong rythm
Wrong rythm
Wrong rythm
Wrong rythm
Wrong rythm
Wrong rythm
Wrong rythm
Wrong rythm
Wrong rythm
Wrong rythm
Wrong rythm
Wrong rythm
Wrong rythm
Wrong rythm
Wrong rythm
Wrong rythm
Wrong rythm
Wrong rythm
Wrong rythm
Wrong rythm
Wrong rythm
Wrong rythm
Wrong rythm
Wrong tempo
Wrong rythm
Application End
Application Start
Wrong rythm
Wrong rythm
Wrong rythm
Wrong tempo
Wrong rythm
Wrong rythm
Wrong rythm
Wrong rythm
Wrong rythm
Wrong rythm
Application End
Application Start
Wrong tempo
Wrong rythm
Wrong rythm
Wrong tempo
Wrong tempo
Application End
Application Start
Wrong rythm
Wrong rythm
Wrong rythm
Wrong rythm
Wrong rythm
Wrong rythm
Wrong rythm
Wrong rythm
Wrong rythm
Wrong rythm
Wrong rythm
Wrong rythm
Wrong rythm
Wrong rythm
Wrong rythm
Wrong rythm
Wrong rythm
Wrong rythm
Wrong rythm
Wrong rythm
Wrong rythm
Wrong rythm
Wrong rythm
Wrong rythm
Wrong rythm
Wrong rythm
Wrong rythm
Wrong rythm
Wrong tempo
Wrong rythm
Wrong rythm
Wrong rythm
Wrong tempo
Wrong rythm
Wrong rythm
Wrong rythm
Wrong rythm
Wrong tempo
Wrong rythm
Wrong rythm
Wrong rythm
Wrong rythm
Wrong rythm
Wrong rythm
Wrong rythm
Wrong rythm
Wrong rythm
Wrong rythm
Wrong rythm
Wrong rythm
Wrong rythm
Wrong rythm
Wrong rythm
Wrong rythm
Wrong rythm
Wrong rythm
Wrong rythm
Wrong rythm
Wrong rythm
Wrong rythm
Wrong rythm
Wrong rythm
Wrong rythm
Wrong rythm
Wrong rythm
Wrong rythm
Wrong rythm
Wrong rythm
Wrong rythm
Wrong rythm
Wrong rythm
Wrong rythm
Wrong tempo
Wrong rythm
Wrong rythm
Wrong rythm
Wrong rythm
Wrong rythm
Wrong rythm
Wrong rythm
Wrong rythm
Wrong rythm
Wrong tempo
Wrong rythm
Wrong rythm
Wrong rythm
Wrong rythm
Wrong tempo
Wrong rythm
Wrong rythm
Wrong rythm
Wrong rythm
Wrong rythm
Wrong rythm
Wrong rythm
Wrong rythm
Wrong rythm
Wrong rythm
Wrong tempo
Wrong rythm
Wrong rythm
Wrong rythm
Wrong rythm
Wrong rythm
Wrong rythm
Wrong rythm
Wrong rythm
Wrong rythm
Wrong rythm
Wrong rythm
Wrong rythm
Wrong rythm
Wrong rythm
Wrong rythm
Wrong tempo
Wrong rythm
Wrong rythm
Wrong rythm
Wrong rythm
Wrong rythm
Wrong rythm
Wrong rythm
Wrong rythm
Wrong rythm
Wrong rythm
Wrong rythm
Wrong rythm
Wrong rythm
Wrong rythm
Wrong rythm
Wrong rythm
Wrong rythm
Wrong rythm
Wrong rythm
Wrong rythm
Wrong rythm
Wrong rythm
Wrong rythm
Wrong rythm
Wrong rythm
Wrong tempo
Wrong rythm
Wrong rythm
Wrong rythm
Wrong rythm
Wrong rythm
Wrong rythm
Wrong tempo
Wrong rythm
Wrong rythm
Wrong rythm
Wrong rythm
Wrong rythm
Wrong rythm
Wrong rythm
Wrong rythm
Wrong rythm
Wrong rythm
Wrong tempo
Wrong rythm
Wrong rythm
Wrong rythm
Wrong rythm
Wrong rythm
Wrong tempo
Wrong rythm
Wrong rythm
Wrong rythm
Wrong rythm
Wrong rythm
Wrong rythm
Wrong rythm
Wrong rythm
Wrong rythm
Wrong rythm
Wrong rythm
Wrong rythm
Wrong rythm
Wrong rythm
Wrong rythm
Wrong rythm
Wrong rythm
Wrong rythm
Wrong rythm
Wrong rythm
Wrong rythm
Wrong rythm
Wrong rythm
Wrong rythm
Wrong rythm
Wrong rythm
Wrong rythm
Wrong rythm
Wrong rythm
Wrong rythm
Wrong rythm
Wrong rythm
Wrong rythm
Wrong rythm
Wrong rythm
Wrong rythm
Wrong rythm
Wrong rythm
Wrong rythm
Wrong rythm
Wrong tempo
Wrong rythm
Wrong rythm
Wrong rythm
Wrong rythm
Wrong rythm
Wrong rythm
Wrong rythm
Wrong rythm
Wrong rythm
Wrong rythm
Wrong rythm
Wrong rythm
Wrong rythm
Wrong rythm
Wrong rythm
Wrong rythm
Wrong rythm
Wrong rythm
Wrong rythm
Wrong rythm
Wrong rythm
Wrong rythm
Wrong rythm
Wrong rythm
Wrong rythm
Wrong rythm
Wrong rythm
Wrong rythm
Wrong rythm
Wrong rythm
Wrong rythm
Wrong rythm
Wrong rythm
Wrong rythm
Wrong rythm
Wrong rythm
Wrong rythm
Wrong rythm
Wrong rythm
Wrong rythm
Wrong rythm
Wrong rythm
Wrong rythm
Wrong rythm
Wrong rythm
Wrong rythm
Wrong rythm
Wrong rythm
Wrong rythm
Wrong rythm
Wrong rythm
Wrong rythm
Wrong rythm
Wrong tempo
Wrong rythm
Wrong rythm
Wrong rythm
Wrong rythm
Wrong rythm
Wrong rythm
Wrong rythm
Wrong rythm
Wrong rythm
Wrong rythm
Wrong rythm
Wrong rythm
Wrong rythm
Wrong rythm
Wrong rythm
Wrong rythm
Wrong rythm
Wrong tempo
Wrong rythm
Application End
Application Start
Wrong rythm
Wrong rythm
Wrong tempo
Wrong tempo
Wrong rythm
Wrong rythm
Wrong rythm
Wrong rythm
Wrong rythm
Application End
Application Start
Application Start
Application Start
Application Start
Application Start
Application Start
Application Start
Application Start
Application Start
Application Start
Application Start
Application Start
Application Start
Application Start
Application Start
Application Start
Application Start
Application Start
Application Start
Application Start
Application Start
Application Start
Application Start
Application Start
Application End
Application Start
Application Start
Application Start
Application Start
Application End
Application Start
Application Start
Application Start
Application Start
Application Start
Application Start
Application End
Application Start
Application Start
Application Start
Application Start
Application Start
Application Start
Application End
Application Start
Application Start
Application Start
Application Start
Application Start
Application Start
Application Start
Application Start
Application Start
Application Start
Application Start
Application End
Application Start
Application Start
Application Start
Application End
Application Start
Application Start
Application Start
Application Start
Application Start
Application End
Application Start
Application Start
Application Start
Application Start
Application Start
Application Start
Application Start
Application Start
Application Start
Application Start
Application Start
Application End
Application Start
Application End
Application Start
Application Start
Application Start
Application Start
Application Start
Application Start
Application End
Application Start
Application Start
Application End
Application Start
Application Start
Application Start
Application Start
Application Start
Application Start
Application Start
Application Start
Application Start
Application Start
Application Start
Application Start
Application Start
Application Start
Application Start
Application Start
Application Start
Application Start
Application Start
Application End
Application Start
Application Start
Application Start
Application Start
Application Start
Application Start
Application End
Application Start
Application Start
Application Start
Application Start
Application Start
Application Start
Application Start
Application End
Application Start
Application End
Application Start
Application End
Application Start
Application End
Application Start
Application Start
Wrong rythm
Application Start
Application Start
Application Start
Application Start
